{"meta": {"format": 3, "version": "7.14.1", "timestamp": "2026-06-05T01:17:37.122454", "branch_coverage": false, "show_contexts": false}, "files": {"app/__init__.py": {"executed_lines": [], "summary": {"covered_lines": 0, "num_statements": 0, "percent_covered": 100.0, "percent_covered_display": "100", "missing_lines": 0, "excluded_lines": 0, "percent_statements_covered": 100.0, "percent_statements_covered_display": "100"}, "missing_lines": [], "excluded_lines": [], "functions": {"": {"executed_lines": [], "summary": {"covered_lines": 0, "num_statements": 0, "percent_covered": 100.0, "percent_covered_display": "100", "missing_lines": 0, "excluded_lines": 0, "percent_statements_covered": 100.0, "percent_statements_covered_display": "100"}, "missing_lines": [], "excluded_lines": [], "start_line": 1}}, "classes": {"": {"executed_lines": [], "summary": {"covered_lines": 0, "num_statements": 0, "percent_covered": 100.0, "percent_covered_display": "100", "missing_lines": 0, "excluded_lines": 0, "percent_statements_covered": 100.0, "percent_statements_covered_display": "100"}, "missing_lines": [], "excluded_lines": [], "start_line": 1}}}, "app/ai/__init__.py": {"executed_lines": [1, 2, 4, 7, 9, 11, 21, 31], "summary": {"covered_lines": 8, "num_statements": 20, "percent_covered": 40.0, "percent_covered_display": "40", "missing_lines": 12, "excluded_lines": 0, "percent_statements_covered": 40.0, "percent_statements_covered_display": "40"}, "missing_lines": [12, 13, 14, 15, 16, 17, 22, 23, 24, 25, 26, 27], "excluded_lines": [], "functions": {"get_provider": {"executed_lines": [9, 11, 21, 31], "summary": {"covered_lines": 4, "num_statements": 16, "percent_covered": 25.0, "percent_covered_display": "25", "missing_lines": 12, "excluded_lines": 0, "percent_statements_covered": 25.0, "percent_statements_covered_display": "25"}, "missing_lines": [12, 13, 14, 15, 16, 17, 22, 23, 24, 25, 26, 27], "excluded_lines": [], "start_line": 7}, "": {"executed_lines": [1, 2, 4, 7], "summary": {"covered_lines": 4, "num_statements": 4, "percent_covered": 100.0, "percent_covered_display": "100", "missing_lines": 0, "excluded_lines": 0, "percent_statements_covered": 100.0, "percent_statements_covered_display": "100"}, "missing_lines": [], "excluded_lines": [], "start_line": 1}}, "classes": {"": {"executed_lines": [1, 2, 4, 7, 9, 11, 21, 31], "summary": {"covered_lines": 8, "num_statements": 20, "percent_covered": 40.0, "percent_covered_display": "40", "missing_lines": 12, "excluded_lines": 0, "percent_statements_covered": 40.0, "percent_statements_covered_display": "40"}, "missing_lines": [12, 13, 14, 15, 16, 17, 22, 23, 24, 25, 26, 27], "excluded_lines": [], "start_line": 1}}}, "app/ai/anthropic_provider.py": {"executed_lines": [], "summary": {"covered_lines": 0, "num_statements": 34, "percent_covered": 0.0, "percent_covered_display": "0", "missing_lines": 34, "excluded_lines": 0, "percent_statements_covered": 0.0, "percent_statements_covered_display": "0"}, "missing_lines": [3, 4, 6, 7, 9, 12, 13, 14, 15, 16, 17, 19, 20, 22, 23, 24, 26, 27, 28, 29, 32, 38, 41, 42, 43, 45, 46, 60, 61, 62, 63, 64, 65, 66], "excluded_lines": [], "functions": {"AnthropicProvider.__init__": {"executed_lines": [], "summary": {"covered_lines": 0, "num_statements": 9, "percent_covered": 0.0, "percent_covered_display": "0", "missing_lines": 9, "excluded_lines": 0, "percent_statements_covered": 0.0, "percent_statements_covered_display": "0"}, "missing_lines": [14, 15, 16, 17, 19, 20, 22, 23, 24], "excluded_lines": [], "start_line": 13}, "AnthropicProvider.analyze": {"executed_lines": [], "summary": {"covered_lines": 0, "num_statements": 17, "percent_covered": 0.0, "percent_covered_display": "0", "missing_lines": 17, "excluded_lines": 0, "percent_statements_covered": 0.0, "percent_statements_covered_display": "0"}, "missing_lines": [27, 28, 29, 32, 38, 41, 42, 43, 45, 46, 60, 61, 62, 63, 64, 65, 66], "excluded_lines": [], "start_line": 26}, "": {"executed_lines": [], "summary": {"covered_lines": 0, "num_statements": 8, "percent_covered": 0.0, "percent_covered_display": "0", "missing_lines": 8, "excluded_lines": 0, "percent_statements_covered": 0.0, "percent_statements_covered_display": "0"}, "missing_lines": [3, 4, 6, 7, 9, 12, 13, 26], "excluded_lines": [], "start_line": 1}}, "classes": {"AnthropicProvider": {"executed_lines": [], "summary": {"covered_lines": 0, "num_statements": 26, "percent_covered": 0.0, "percent_covered_display": "0", "missing_lines": 26, "excluded_lines": 0, "percent_statements_covered": 0.0, "percent_statements_covered_display": "0"}, "missing_lines": [14, 15, 16, 17, 19, 20, 22, 23, 24, 27, 28, 29, 32, 38, 41, 42, 43, 45, 46, 60, 61, 62, 63, 64, 65, 66], "excluded_lines": [], "start_line": 12}, "": {"executed_lines": [], "summary": {"covered_lines": 0, "num_statements": 8, "percent_covered": 0.0, "percent_covered_display": "0", "missing_lines": 8, "excluded_lines": 0, "percent_statements_covered": 0.0, "percent_statements_covered_display": "0"}, "missing_lines": [3, 4, 6, 7, 9, 12, 13, 26], "excluded_lines": [], "start_line": 1}}}, "app/ai/base.py": {"executed_lines": [1, 2, 3, 6, 7, 11, 12, 15, 16, 17, 18, 21, 22, 25, 26, 27, 28, 30, 31, 46, 49, 50], "summary": {"covered_lines": 22, "num_statements": 22, "percent_covered": 100.0, "percent_covered_display": "100", "missing_lines": 0, "excluded_lines": 2, "percent_statements_covered": 100.0, "percent_statements_covered_display": "100"}, "missing_lines": [], "excluded_lines": [55, 56], "functions": {"AnalysisResult.to_dict": {"executed_lines": [31], "summary": {"covered_lines": 1, "num_statements": 1, "percent_covered": 100.0, "percent_covered_display": "100", "missing_lines": 0, "excluded_lines": 0, "percent_statements_covered": 100.0, "percent_statements_covered_display": "100"}, "missing_lines": [], "excluded_lines": [], "start_line": 30}, "BaseAIProvider.analyze": {"executed_lines": [], "summary": {"covered_lines": 0, "num_statements": 0, "percent_covered": 100.0, "percent_covered_display": "100", "missing_lines": 0, "excluded_lines": 1, "percent_statements_covered": 100.0, "percent_statements_covered_display": "100"}, "missing_lines": [], "excluded_lines": [55], "start_line": 50}, "": {"executed_lines": [1, 2, 3, 6, 7, 11, 12, 15, 16, 17, 18, 21, 22, 25, 26, 27, 28, 30, 46, 49, 50], "summary": {"covered_lines": 21, "num_statements": 21, "percent_covered": 100.0, "percent_covered_display": "100", "missing_lines": 0, "excluded_lines": 0, "percent_statements_covered": 100.0, "percent_statements_covered_display": "100"}, "missing_lines": [], "excluded_lines": [], "start_line": 1}}, "classes": {"AnalysisResult": {"executed_lines": [31], "summary": {"covered_lines": 1, "num_statements": 1, "percent_covered": 100.0, "percent_covered_display": "100", "missing_lines": 0, "excluded_lines": 0, "percent_statements_covered": 100.0, "percent_statements_covered_display": "100"}, "missing_lines": [], "excluded_lines": [], "start_line": 7}, "BaseAIProvider": {"executed_lines": [], "summary": {"covered_lines": 0, "num_statements": 0, "percent_covered": 100.0, "percent_covered_display": "100", "missing_lines": 0, "excluded_lines": 1, "percent_statements_covered": 100.0, "percent_statements_covered_display": "100"}, "missing_lines": [], "excluded_lines": [55], "start_line": 46}, "": {"executed_lines": [1, 2, 3, 6, 7, 11, 12, 15, 16, 17, 18, 21, 22, 25, 26, 27, 28, 30, 46, 49, 50], "summary": {"covered_lines": 21, "num_statements": 21, "percent_covered": 100.0, "percent_covered_display": "100", "missing_lines": 0, "excluded_lines": 0, "percent_statements_covered": 100.0, "percent_statements_covered_display": "100"}, "missing_lines": [], "excluded_lines": [], "start_line": 1}}}, "app/ai/bottleneck_agent.py": {"executed_lines": [21, 22, 24, 26, 34, 35, 36, 37, 41, 63, 64, 73, 74, 76, 77, 79, 80, 84, 85, 91, 92, 93, 94, 98, 104, 106, 107, 108, 114, 115, 116, 117, 121, 129, 130, 131, 132, 133, 134, 135, 137, 138, 140, 141, 142, 152, 159, 160, 163, 166, 167, 168, 169, 170, 171, 172, 173, 174, 175, 181, 182, 183, 187, 188, 189, 193, 194, 197, 198, 202, 203, 204, 211, 212, 216, 219, 220, 223, 249, 280, 281, 283], "summary": {"covered_lines": 82, "num_statements": 95, "percent_covered": 86.3157894736842, "percent_covered_display": "86", "missing_lines": 13, "excluded_lines": 0, "percent_statements_covered": 86.3157894736842, "percent_statements_covered_display": "86"}, "missing_lines": [38, 99, 100, 122, 123, 146, 147, 148, 153, 154, 195, 213, 214], "excluded_lines": [], "functions": {"_severity_label": {"executed_lines": [35, 36, 37], "summary": {"covered_lines": 3, "num_statements": 4, "percent_covered": 75.0, "percent_covered_display": "75", "missing_lines": 1, "excluded_lines": 0, "percent_statements_covered": 75.0, "percent_statements_covered_display": "75"}, "missing_lines": [38], "excluded_lines": [], "start_line": 34}, "analyze_bottleneck": {"executed_lines": [63, 64, 73, 74, 76, 77, 79, 80, 84, 85, 91, 92, 93, 94, 98, 104, 106, 107, 108, 114, 115, 116, 117, 121, 129, 130, 131, 132, 133, 134, 135, 137, 138, 140, 141, 142, 152, 159, 160, 163, 166, 167, 168, 169, 170, 171, 172, 173, 174, 175, 181, 182, 183, 187, 188, 189, 193, 194, 197, 198, 202, 203, 204, 211, 212, 216, 219, 220, 223, 249, 280, 281, 283], "summary": {"covered_lines": 73, "num_statements": 85, "percent_covered": 85.88235294117646, "percent_covered_display": "86", "missing_lines": 12, "excluded_lines": 0, "percent_statements_covered": 85.88235294117646, "percent_statements_covered_display": "86"}, "missing_lines": [99, 100, 122, 123, 146, 147, 148, 153, 154, 195, 213, 214], "excluded_lines": [], "start_line": 41}, "": {"executed_lines": [21, 22, 24, 26, 34, 41], "summary": {"covered_lines": 6, "num_statements": 6, "percent_covered": 100.0, "percent_covered_display": "100", "missing_lines": 0, "excluded_lines": 0, "percent_statements_covered": 100.0, "percent_statements_covered_display": "100"}, "missing_lines": [], "excluded_lines": [], "start_line": 1}}, "classes": {"": {"executed_lines": [21, 22, 24, 26, 34, 35, 36, 37, 41, 63, 64, 73, 74, 76, 77, 79, 80, 84, 85, 91, 92, 93, 94, 98, 104, 106, 107, 108, 114, 115, 116, 117, 121, 129, 130, 131, 132, 133, 134, 135, 137, 138, 140, 141, 142, 152, 159, 160, 163, 166, 167, 168, 169, 170, 171, 172, 173, 174, 175, 181, 182, 183, 187, 188, 189, 193, 194, 197, 198, 202, 203, 204, 211, 212, 216, 219, 220, 223, 249, 280, 281, 283], "summary": {"covered_lines": 82, "num_statements": 95, "percent_covered": 86.3157894736842, "percent_covered_display": "86", "missing_lines": 13, "excluded_lines": 0, "percent_statements_covered": 86.3157894736842, "percent_statements_covered_display": "86"}, "missing_lines": [38, 99, 100, 122, 123, 146, 147, 148, 153, 154, 195, 213, 214], "excluded_lines": [], "start_line": 1}}}, "app/ai/mock_provider.py": {"executed_lines": [9, 11, 14, 54, 56, 58, 59, 62, 68, 69, 71, 72, 80, 86, 87, 88, 89, 90, 91, 92, 93, 94, 95, 97, 107, 108, 109, 112, 113, 114, 137, 162, 165, 186, 191, 192, 194, 197, 204], "summary": {"covered_lines": 39, "num_statements": 50, "percent_covered": 78.0, "percent_covered_display": "78", "missing_lines": 11, "excluded_lines": 0, "percent_statements_covered": 78.0, "percent_statements_covered_display": "78"}, "missing_lines": [57, 73, 74, 75, 76, 77, 120, 121, 128, 193, 195], "excluded_lines": [], "functions": {"_amdahl_speedup": {"executed_lines": [56, 58, 59], "summary": {"covered_lines": 3, "num_statements": 4, "percent_covered": 75.0, "percent_covered_display": "75", "missing_lines": 1, "excluded_lines": 0, "percent_statements_covered": 75.0, "percent_statements_covered_display": "75"}, "missing_lines": [57], "excluded_lines": [], "start_line": 54}, "_classify_bottleneck": {"executed_lines": [68, 69, 71, 72], "summary": {"covered_lines": 4, "num_statements": 9, "percent_covered": 44.44444444444444, "percent_covered_display": "44", "missing_lines": 5, "excluded_lines": 0, "percent_statements_covered": 44.44444444444444, "percent_statements_covered_display": "44"}, "missing_lines": [73, 74, 75, 76, 77], "excluded_lines": [], "start_line": 62}, "MockAIProvider.analyze": {"executed_lines": [87, 88, 89, 90, 91, 92, 93, 94, 95, 97, 107, 108, 109, 112, 113, 114, 137, 162, 165, 186, 191, 192, 194, 197, 204], "summary": {"covered_lines": 25, "num_statements": 30, "percent_covered": 83.33333333333333, "percent_covered_display": "83", "missing_lines": 5, "excluded_lines": 0, "percent_statements_covered": 83.33333333333333, "percent_statements_covered_display": "83"}, "missing_lines": [120, 121, 128, 193, 195], "excluded_lines": [], "start_line": 86}, "": {"executed_lines": [9, 11, 14, 54, 62, 80, 86], "summary": {"covered_lines": 7, "num_statements": 7, "percent_covered": 100.0, "percent_covered_display": "100", "missing_lines": 0, "excluded_lines": 0, "percent_statements_covered": 100.0, "percent_statements_covered_display": "100"}, "missing_lines": [], "excluded_lines": [], "start_line": 1}}, "classes": {"MockAIProvider": {"executed_lines": [87, 88, 89, 90, 91, 92, 93, 94, 95, 97, 107, 108, 109, 112, 113, 114, 137, 162, 165, 186, 191, 192, 194, 197, 204], "summary": {"covered_lines": 25, "num_statements": 30, "percent_covered": 83.33333333333333, "percent_covered_display": "83", "missing_lines": 5, "excluded_lines": 0, "percent_statements_covered": 83.33333333333333, "percent_statements_covered_display": "83"}, "missing_lines": [120, 121, 128, 193, 195], "excluded_lines": [], "start_line": 80}, "": {"executed_lines": [9, 11, 14, 54, 56, 58, 59, 62, 68, 69, 71, 72, 80, 86], "summary": {"covered_lines": 14, "num_statements": 20, "percent_covered": 70.0, "percent_covered_display": "70", "missing_lines": 6, "excluded_lines": 0, "percent_statements_covered": 70.0, "percent_statements_covered_display": "70"}, "missing_lines": [57, 73, 74, 75, 76, 77], "excluded_lines": [], "start_line": 1}}}, "app/ai/openai_provider.py": {"executed_lines": [], "summary": {"covered_lines": 0, "num_statements": 29, "percent_covered": 0.0, "percent_covered_display": "0", "missing_lines": 29, "excluded_lines": 0, "percent_statements_covered": 0.0, "percent_statements_covered_display": "0"}, "missing_lines": [3, 4, 6, 7, 9, 12, 13, 14, 15, 16, 17, 19, 20, 22, 23, 25, 26, 27, 28, 38, 39, 40, 54, 55, 56, 57, 58, 59, 60], "excluded_lines": [], "functions": {"OpenAIProvider.__init__": {"executed_lines": [], "summary": {"covered_lines": 0, "num_statements": 8, "percent_covered": 0.0, "percent_covered_display": "0", "missing_lines": 8, "excluded_lines": 0, "percent_statements_covered": 0.0, "percent_statements_covered_display": "0"}, "missing_lines": [14, 15, 16, 17, 19, 20, 22, 23], "excluded_lines": [], "start_line": 13}, "OpenAIProvider.analyze": {"executed_lines": [], "summary": {"covered_lines": 0, "num_statements": 13, "percent_covered": 0.0, "percent_covered_display": "0", "missing_lines": 13, "excluded_lines": 0, "percent_statements_covered": 0.0, "percent_statements_covered_display": "0"}, "missing_lines": [26, 27, 28, 38, 39, 40, 54, 55, 56, 57, 58, 59, 60], "excluded_lines": [], "start_line": 25}, "": {"executed_lines": [], "summary": {"covered_lines": 0, "num_statements": 8, "percent_covered": 0.0, "percent_covered_display": "0", "missing_lines": 8, "excluded_lines": 0, "percent_statements_covered": 0.0, "percent_statements_covered_display": "0"}, "missing_lines": [3, 4, 6, 7, 9, 12, 13, 25], "excluded_lines": [], "start_line": 1}}, "classes": {"OpenAIProvider": {"executed_lines": [], "summary": {"covered_lines": 0, "num_statements": 21, "percent_covered": 0.0, "percent_covered_display": "0", "missing_lines": 21, "excluded_lines": 0, "percent_statements_covered": 0.0, "percent_statements_covered_display": "0"}, "missing_lines": [14, 15, 16, 17, 19, 20, 22, 23, 26, 27, 28, 38, 39, 40, 54, 55, 56, 57, 58, 59, 60], "excluded_lines": [], "start_line": 12}, "": {"executed_lines": [], "summary": {"covered_lines": 0, "num_statements": 8, "percent_covered": 0.0, "percent_covered_display": "0", "missing_lines": 8, "excluded_lines": 0, "percent_statements_covered": 0.0, "percent_statements_covered_display": "0"}, "missing_lines": [3, 4, 6, 7, 9, 12, 13, 25], "excluded_lines": [], "start_line": 1}}}, "app/ai/prompts.py": {"executed_lines": [], "summary": {"covered_lines": 0, "num_statements": 4, "percent_covered": 0.0, "percent_covered_display": "0", "missing_lines": 4, "excluded_lines": 0, "percent_statements_covered": 0.0, "percent_statements_covered_display": "0"}, "missing_lines": [6, 21, 52, 53], "excluded_lines": [], "functions": {"format_analysis_prompt": {"executed_lines": [], "summary": {"covered_lines": 0, "num_statements": 1, "percent_covered": 0.0, "percent_covered_display": "0", "missing_lines": 1, "excluded_lines": 0, "percent_statements_covered": 0.0, "percent_statements_covered_display": "0"}, "missing_lines": [53], "excluded_lines": [], "start_line": 52}, "": {"executed_lines": [], "summary": {"covered_lines": 0, "num_statements": 3, "percent_covered": 0.0, "percent_covered_display": "0", "missing_lines": 3, "excluded_lines": 0, "percent_statements_covered": 0.0, "percent_statements_covered_display": "0"}, "missing_lines": [6, 21, 52], "excluded_lines": [], "start_line": 1}}, "classes": {"": {"executed_lines": [], "summary": {"covered_lines": 0, "num_statements": 4, "percent_covered": 0.0, "percent_covered_display": "0", "missing_lines": 4, "excluded_lines": 0, "percent_statements_covered": 0.0, "percent_statements_covered_display": "0"}, "missing_lines": [6, 21, 52, 53], "excluded_lines": [], "start_line": 1}}}, "app/ai/scalability_agent.py": {"executed_lines": [17, 18, 19, 21, 23, 28, 30, 31, 34, 36, 37, 40, 41, 42, 43, 44, 45, 50, 68, 69, 72, 73, 74, 75, 76, 78, 79, 81, 82, 84, 86, 87, 90, 91, 93, 99, 100, 101, 107, 108, 114, 115, 116, 122, 123, 124, 130, 131, 132, 133, 134, 138, 140, 142, 150, 153, 154, 158, 159, 176, 188, 194, 195, 196, 198, 199, 200, 202, 203, 204, 210], "summary": {"covered_lines": 71, "num_statements": 81, "percent_covered": 87.65432098765432, "percent_covered_display": "88", "missing_lines": 10, "excluded_lines": 0, "percent_statements_covered": 87.65432098765432, "percent_statements_covered_display": "88"}, "missing_lines": [102, 103, 104, 117, 118, 119, 126, 127, 136, 171], "excluded_lines": [], "functions": {"_amdahl": {"executed_lines": [30, 31], "summary": {"covered_lines": 2, "num_statements": 2, "percent_covered": 100.0, "percent_covered_display": "100", "missing_lines": 0, "excluded_lines": 0, "percent_statements_covered": 100.0, "percent_statements_covered_display": "100"}, "missing_lines": [], "excluded_lines": [], "start_line": 28}, "_gustafson": {"executed_lines": [36, 37], "summary": {"covered_lines": 2, "num_statements": 2, "percent_covered": 100.0, "percent_covered_display": "100", "missing_lines": 0, "excluded_lines": 0, "percent_statements_covered": 100.0, "percent_statements_covered_display": "100"}, "missing_lines": [], "excluded_lines": [], "start_line": 34}, "_r_squared": {"executed_lines": [41, 42, 43, 44, 45], "summary": {"covered_lines": 5, "num_statements": 5, "percent_covered": 100.0, "percent_covered_display": "100", "missing_lines": 0, "excluded_lines": 0, "percent_statements_covered": 100.0, "percent_statements_covered_display": "100"}, "missing_lines": [], "excluded_lines": [], "start_line": 40}, "predict_scalability": {"executed_lines": [68, 69, 72, 73, 74, 75, 76, 78, 79, 81, 82, 84, 86, 87, 90, 91, 93, 99, 100, 101, 107, 108, 114, 115, 116, 122, 123, 124, 130, 131, 132, 133, 134, 138, 140, 142, 150, 153, 154, 158, 159, 176], "summary": {"covered_lines": 42, "num_statements": 52, "percent_covered": 80.76923076923077, "percent_covered_display": "81", "missing_lines": 10, "excluded_lines": 0, "percent_statements_covered": 80.76923076923077, "percent_statements_covered_display": "81"}, "missing_lines": [102, 103, 104, 117, 118, 119, 126, 127, 136, 171], "excluded_lines": [], "start_line": 50}, "_insufficient_data_response": {"executed_lines": [194, 195, 196, 198, 199, 200, 202, 203, 204, 210], "summary": {"covered_lines": 10, "num_statements": 10, "percent_covered": 100.0, "percent_covered_display": "100", "missing_lines": 0, "excluded_lines": 0, "percent_statements_covered": 100.0, "percent_statements_covered_display": "100"}, "missing_lines": [], "excluded_lines": [], "start_line": 188}, "": {"executed_lines": [17, 18, 19, 21, 23, 28, 34, 40, 50, 188], "summary": {"covered_lines": 10, "num_statements": 10, "percent_covered": 100.0, "percent_covered_display": "100", "missing_lines": 0, "excluded_lines": 0, "percent_statements_covered": 100.0, "percent_statements_covered_display": "100"}, "missing_lines": [], "excluded_lines": [], "start_line": 1}}, "classes": {"": {"executed_lines": [17, 18, 19, 21, 23, 28, 30, 31, 34, 36, 37, 40, 41, 42, 43, 44, 45, 50, 68, 69, 72, 73, 74, 75, 76, 78, 79, 81, 82, 84, 86, 87, 90, 91, 93, 99, 100, 101, 107, 108, 114, 115, 116, 122, 123, 124, 130, 131, 132, 133, 134, 138, 140, 142, 150, 153, 154, 158, 159, 176, 188, 194, 195, 196, 198, 199, 200, 202, 203, 204, 210], "summary": {"covered_lines": 71, "num_statements": 81, "percent_covered": 87.65432098765432, "percent_covered_display": "88", "missing_lines": 10, "excluded_lines": 0, "percent_statements_covered": 87.65432098765432, "percent_statements_covered_display": "88"}, "missing_lines": [102, 103, 104, 117, 118, 119, 126, 127, 136, 171], "excluded_lines": [], "start_line": 1}}}, "app/api/__init__.py": {"executed_lines": [], "summary": {"covered_lines": 0, "num_statements": 0, "percent_covered": 100.0, "percent_covered_display": "100", "missing_lines": 0, "excluded_lines": 0, "percent_statements_covered": 100.0, "percent_statements_covered_display": "100"}, "missing_lines": [], "excluded_lines": [], "functions": {"": {"executed_lines": [], "summary": {"covered_lines": 0, "num_statements": 0, "percent_covered": 100.0, "percent_covered_display": "100", "missing_lines": 0, "excluded_lines": 0, "percent_statements_covered": 100.0, "percent_statements_covered_display": "100"}, "missing_lines": [], "excluded_lines": [], "start_line": 1}}, "classes": {"": {"executed_lines": [], "summary": {"covered_lines": 0, "num_statements": 0, "percent_covered": 100.0, "percent_covered_display": "100", "missing_lines": 0, "excluded_lines": 0, "percent_statements_covered": 100.0, "percent_statements_covered_display": "100"}, "missing_lines": [], "excluded_lines": [], "start_line": 1}}}, "app/api/analytics.py": {"executed_lines": [8, 9, 11, 12, 13, 14, 15, 16, 17, 18, 20, 25, 26, 34, 44, 50, 52, 61, 62, 70, 71, 76, 81, 82, 87, 88, 89, 90, 91, 96, 98, 113, 118, 119, 128, 129, 130, 131, 133, 134], "summary": {"covered_lines": 40, "num_statements": 40, "percent_covered": 100.0, "percent_covered_display": "100", "missing_lines": 0, "excluded_lines": 0, "percent_statements_covered": 100.0, "percent_statements_covered_display": "100"}, "missing_lines": [], "excluded_lines": [], "functions": {"predict_scaling": {"executed_lines": [34, 44, 50, 52], "summary": {"covered_lines": 4, "num_statements": 4, "percent_covered": 100.0, "percent_covered_display": "100", "missing_lines": 0, "excluded_lines": 0, "percent_statements_covered": 100.0, "percent_statements_covered_display": "100"}, "missing_lines": [], "excluded_lines": [], "start_line": 26}, "recommend_workers": {"executed_lines": [70, 71, 76], "summary": {"covered_lines": 3, "num_statements": 3, "percent_covered": 100.0, "percent_covered_display": "100", "missing_lines": 0, "excluded_lines": 0, "percent_statements_covered": 100.0, "percent_statements_covered_display": "100"}, "missing_lines": [], "excluded_lines": [], "start_line": 62}, "bottleneck_analysis": {"executed_lines": [87, 88, 89, 90, 91, 96, 98, 113], "summary": {"covered_lines": 8, "num_statements": 8, "percent_covered": 100.0, "percent_covered_display": "100", "missing_lines": 0, "excluded_lines": 0, "percent_statements_covered": 100.0, "percent_statements_covered_display": "100"}, "missing_lines": [], "excluded_lines": [], "start_line": 82}, "mpi_timing": {"executed_lines": [128, 129, 130, 131, 133, 134], "summary": {"covered_lines": 6, "num_statements": 6, "percent_covered": 100.0, "percent_covered_display": "100", "missing_lines": 0, "excluded_lines": 0, "percent_statements_covered": 100.0, "percent_statements_covered_display": "100"}, "missing_lines": [], "excluded_lines": [], "start_line": 119}, "": {"executed_lines": [8, 9, 11, 12, 13, 14, 15, 16, 17, 18, 20, 25, 26, 61, 62, 81, 82, 118, 119], "summary": {"covered_lines": 19, "num_statements": 19, "percent_covered": 100.0, "percent_covered_display": "100", "missing_lines": 0, "excluded_lines": 0, "percent_statements_covered": 100.0, "percent_statements_covered_display": "100"}, "missing_lines": [], "excluded_lines": [], "start_line": 1}}, "classes": {"": {"executed_lines": [8, 9, 11, 12, 13, 14, 15, 16, 17, 18, 20, 25, 26, 34, 44, 50, 52, 61, 62, 70, 71, 76, 81, 82, 87, 88, 89, 90, 91, 96, 98, 113, 118, 119, 128, 129, 130, 131, 133, 134], "summary": {"covered_lines": 40, "num_statements": 40, "percent_covered": 100.0, "percent_covered_display": "100", "missing_lines": 0, "excluded_lines": 0, "percent_statements_covered": 100.0, "percent_statements_covered_display": "100"}, "missing_lines": [], "excluded_lines": [], "start_line": 1}}}, "app/api/benchmarks.py": {"executed_lines": [1, 2, 4, 5, 7, 8, 15, 16, 17, 19, 20, 23, 28, 29, 30, 31, 33, 36, 37, 45, 46, 47, 48, 49, 52, 53, 59, 61, 62, 65, 66, 74, 75, 78, 79, 81, 84, 85, 86, 87, 88, 89, 92, 93, 95, 96, 97, 98, 99, 100, 101, 104, 105, 114, 115, 116, 117, 118], "summary": {"covered_lines": 58, "num_statements": 63, "percent_covered": 92.06349206349206, "percent_covered_display": "92", "missing_lines": 5, "excluded_lines": 0, "percent_statements_covered": 92.06349206349206, "percent_statements_covered_display": "92"}, "missing_lines": [107, 108, 109, 110, 111], "excluded_lines": [], "functions": {"_run_benchmark_in_background": {"executed_lines": [28, 29, 30, 31, 33], "summary": {"covered_lines": 5, "num_statements": 5, "percent_covered": 100.0, "percent_covered_display": "100", "missing_lines": 0, "excluded_lines": 0, "percent_statements_covered": 100.0, "percent_statements_covered_display": "100"}, "missing_lines": [], "excluded_lines": [], "start_line": 23}, "run_benchmark": {"executed_lines": [45, 46, 47, 48, 49, 52, 53, 59, 61, 62], "summary": {"covered_lines": 10, "num_statements": 10, "percent_covered": 100.0, "percent_covered_display": "100", "missing_lines": 0, "excluded_lines": 0, "percent_statements_covered": 100.0, "percent_statements_covered_display": "100"}, "missing_lines": [], "excluded_lines": [], "start_line": 37}, "list_benchmarks": {"executed_lines": [74, 75], "summary": {"covered_lines": 2, "num_statements": 2, "percent_covered": 100.0, "percent_covered_display": "100", "missing_lines": 0, "excluded_lines": 0, "percent_statements_covered": 100.0, "percent_statements_covered_display": "100"}, "missing_lines": [], "excluded_lines": [], "start_line": 66}, "get_stats": {"executed_lines": [81], "summary": {"covered_lines": 1, "num_statements": 1, "percent_covered": 100.0, "percent_covered_display": "100", "missing_lines": 0, "excluded_lines": 0, "percent_statements_covered": 100.0, "percent_statements_covered_display": "100"}, "missing_lines": [], "excluded_lines": [], "start_line": 79}, "get_benchmark": {"executed_lines": [86, 87, 88, 89], "summary": {"covered_lines": 4, "num_statements": 4, "percent_covered": 100.0, "percent_covered_display": "100", "missing_lines": 0, "excluded_lines": 0, "percent_statements_covered": 100.0, "percent_statements_covered_display": "100"}, "missing_lines": [], "excluded_lines": [], "start_line": 85}, "analyze_benchmark": {"executed_lines": [95, 96, 97, 98, 99, 100, 101], "summary": {"covered_lines": 7, "num_statements": 7, "percent_covered": 100.0, "percent_covered_display": "100", "missing_lines": 0, "excluded_lines": 0, "percent_statements_covered": 100.0, "percent_statements_covered_display": "100"}, "missing_lines": [], "excluded_lines": [], "start_line": 93}, "get_report": {"executed_lines": [], "summary": {"covered_lines": 0, "num_statements": 5, "percent_covered": 0.0, "percent_covered_display": "0", "missing_lines": 5, "excluded_lines": 0, "percent_statements_covered": 0.0, "percent_statements_covered_display": "0"}, "missing_lines": [107, 108, 109, 110, 111], "excluded_lines": [], "start_line": 105}, "delete_benchmark": {"executed_lines": [116, 117, 118], "summary": {"covered_lines": 3, "num_statements": 3, "percent_covered": 100.0, "percent_covered_display": "100", "missing_lines": 0, "excluded_lines": 0, "percent_statements_covered": 100.0, "percent_statements_covered_display": "100"}, "missing_lines": [], "excluded_lines": [], "start_line": 115}, "": {"executed_lines": [1, 2, 4, 5, 7, 8, 15, 16, 17, 19, 20, 23, 36, 37, 65, 66, 78, 79, 84, 85, 92, 93, 104, 105, 114, 115], "summary": {"covered_lines": 26, "num_statements": 26, "percent_covered": 100.0, "percent_covered_display": "100", "missing_lines": 0, "excluded_lines": 0, "percent_statements_covered": 100.0, "percent_statements_covered_display": "100"}, "missing_lines": [], "excluded_lines": [], "start_line": 1}}, "classes": {"": {"executed_lines": [1, 2, 4, 5, 7, 8, 15, 16, 17, 19, 20, 23, 28, 29, 30, 31, 33, 36, 37, 45, 46, 47, 48, 49, 52, 53, 59, 61, 62, 65, 66, 74, 75, 78, 79, 81, 84, 85, 86, 87, 88, 89, 92, 93, 95, 96, 97, 98, 99, 100, 101, 104, 105, 114, 115, 116, 117, 118], "summary": {"covered_lines": 58, "num_statements": 63, "percent_covered": 92.06349206349206, "percent_covered_display": "92", "missing_lines": 5, "excluded_lines": 0, "percent_statements_covered": 92.06349206349206, "percent_statements_covered_display": "92"}, "missing_lines": [107, 108, 109, 110, 111], "excluded_lines": [], "start_line": 1}}}, "app/api/cluster.py": {"executed_lines": [1, 2, 4, 5, 6, 8, 11, 12, 14, 15, 18, 19, 20, 22, 24, 25, 28, 29, 30, 31, 32, 33, 36, 37, 38, 39, 40, 41, 42, 45, 46, 47, 48, 49], "summary": {"covered_lines": 34, "num_statements": 34, "percent_covered": 100.0, "percent_covered_display": "100", "missing_lines": 0, "excluded_lines": 0, "percent_statements_covered": 100.0, "percent_statements_covered_display": "100"}, "missing_lines": [], "excluded_lines": [], "functions": {"heartbeat": {"executed_lines": [14, 15], "summary": {"covered_lines": 2, "num_statements": 2, "percent_covered": 100.0, "percent_covered_display": "100", "missing_lines": 0, "excluded_lines": 0, "percent_statements_covered": 100.0, "percent_statements_covered_display": "100"}, "missing_lines": [], "excluded_lines": [], "start_line": 12}, "get_cluster": {"executed_lines": [20, 22, 24, 25], "summary": {"covered_lines": 4, "num_statements": 4, "percent_covered": 100.0, "percent_covered_display": "100", "missing_lines": 0, "excluded_lines": 0, "percent_statements_covered": 100.0, "percent_statements_covered_display": "100"}, "missing_lines": [], "excluded_lines": [], "start_line": 19}, "list_nodes": {"executed_lines": [30, 31, 32, 33], "summary": {"covered_lines": 4, "num_statements": 4, "percent_covered": 100.0, "percent_covered_display": "100", "missing_lines": 0, "excluded_lines": 0, "percent_statements_covered": 100.0, "percent_statements_covered_display": "100"}, "missing_lines": [], "excluded_lines": [], "start_line": 29}, "get_node": {"executed_lines": [38, 39, 40, 41, 42], "summary": {"covered_lines": 5, "num_statements": 5, "percent_covered": 100.0, "percent_covered_display": "100", "missing_lines": 0, "excluded_lines": 0, "percent_statements_covered": 100.0, "percent_statements_covered_display": "100"}, "missing_lines": [], "excluded_lines": [], "start_line": 37}, "delete_node": {"executed_lines": [47, 48, 49], "summary": {"covered_lines": 3, "num_statements": 3, "percent_covered": 100.0, "percent_covered_display": "100", "missing_lines": 0, "excluded_lines": 0, "percent_statements_covered": 100.0, "percent_statements_covered_display": "100"}, "missing_lines": [], "excluded_lines": [], "start_line": 46}, "": {"executed_lines": [1, 2, 4, 5, 6, 8, 11, 12, 18, 19, 28, 29, 36, 37, 45, 46], "summary": {"covered_lines": 16, "num_statements": 16, "percent_covered": 100.0, "percent_covered_display": "100", "missing_lines": 0, "excluded_lines": 0, "percent_statements_covered": 100.0, "percent_statements_covered_display": "100"}, "missing_lines": [], "excluded_lines": [], "start_line": 1}}, "classes": {"": {"executed_lines": [1, 2, 4, 5, 6, 8, 11, 12, 14, 15, 18, 19, 20, 22, 24, 25, 28, 29, 30, 31, 32, 33, 36, 37, 38, 39, 40, 41, 42, 45, 46, 47, 48, 49], "summary": {"covered_lines": 34, "num_statements": 34, "percent_covered": 100.0, "percent_covered_display": "100", "missing_lines": 0, "excluded_lines": 0, "percent_statements_covered": 100.0, "percent_statements_covered_display": "100"}, "missing_lines": [], "excluded_lines": [], "start_line": 1}}}, "app/api/experiments.py": {"executed_lines": [1, 2, 4, 5, 12, 14, 17, 18, 19, 20, 23, 24, 30, 31, 34, 35, 36, 37, 38, 39, 40, 43, 44, 49, 50, 51, 52, 53, 56, 57, 62, 63, 64, 65, 66, 69, 70, 78, 79, 80, 81, 82, 83, 84, 87, 88, 89, 90, 91], "summary": {"covered_lines": 49, "num_statements": 54, "percent_covered": 90.74074074074075, "percent_covered_display": "91", "missing_lines": 5, "excluded_lines": 0, "percent_statements_covered": 90.74074074074075, "percent_statements_covered_display": "91"}, "missing_lines": [71, 72, 73, 74, 75], "excluded_lines": [], "functions": {"create_experiment": {"executed_lines": [19, 20], "summary": {"covered_lines": 2, "num_statements": 2, "percent_covered": 100.0, "percent_covered_display": "100", "missing_lines": 0, "excluded_lines": 0, "percent_statements_covered": 100.0, "percent_statements_covered_display": "100"}, "missing_lines": [], "excluded_lines": [], "start_line": 18}, "list_experiments": {"executed_lines": [30, 31], "summary": {"covered_lines": 2, "num_statements": 2, "percent_covered": 100.0, "percent_covered_display": "100", "missing_lines": 0, "excluded_lines": 0, "percent_statements_covered": 100.0, "percent_statements_covered_display": "100"}, "missing_lines": [], "excluded_lines": [], "start_line": 24}, "get_experiment": {"executed_lines": [36, 37, 38, 39, 40], "summary": {"covered_lines": 5, "num_statements": 5, "percent_covered": 100.0, "percent_covered_display": "100", "missing_lines": 0, "excluded_lines": 0, "percent_statements_covered": 100.0, "percent_statements_covered_display": "100"}, "missing_lines": [], "excluded_lines": [], "start_line": 35}, "update_experiment": {"executed_lines": [49, 50, 51, 52, 53], "summary": {"covered_lines": 5, "num_statements": 5, "percent_covered": 100.0, "percent_covered_display": "100", "missing_lines": 0, "excluded_lines": 0, "percent_statements_covered": 100.0, "percent_statements_covered_display": "100"}, "missing_lines": [], "excluded_lines": [], "start_line": 44}, "add_runs": {"executed_lines": [62, 63, 64, 65, 66], "summary": {"covered_lines": 5, "num_statements": 5, "percent_covered": 100.0, "percent_covered_display": "100", "missing_lines": 0, "excluded_lines": 0, "percent_statements_covered": 100.0, "percent_statements_covered_display": "100"}, "missing_lines": [], "excluded_lines": [], "start_line": 57}, "remove_run": {"executed_lines": [], "summary": {"covered_lines": 0, "num_statements": 5, "percent_covered": 0.0, "percent_covered_display": "0", "missing_lines": 5, "excluded_lines": 0, "percent_statements_covered": 0.0, "percent_statements_covered_display": "0"}, "missing_lines": [71, 72, 73, 74, 75], "excluded_lines": [], "start_line": 70}, "compare_experiment": {"executed_lines": [80, 81, 82, 83, 84], "summary": {"covered_lines": 5, "num_statements": 5, "percent_covered": 100.0, "percent_covered_display": "100", "missing_lines": 0, "excluded_lines": 0, "percent_statements_covered": 100.0, "percent_statements_covered_display": "100"}, "missing_lines": [], "excluded_lines": [], "start_line": 79}, "delete_experiment": {"executed_lines": [89, 90, 91], "summary": {"covered_lines": 3, "num_statements": 3, "percent_covered": 100.0, "percent_covered_display": "100", "missing_lines": 0, "excluded_lines": 0, "percent_statements_covered": 100.0, "percent_statements_covered_display": "100"}, "missing_lines": [], "excluded_lines": [], "start_line": 88}, "": {"executed_lines": [1, 2, 4, 5, 12, 14, 17, 18, 23, 24, 34, 35, 43, 44, 56, 57, 69, 70, 78, 79, 87, 88], "summary": {"covered_lines": 22, "num_statements": 22, "percent_covered": 100.0, "percent_covered_display": "100", "missing_lines": 0, "excluded_lines": 0, "percent_statements_covered": 100.0, "percent_statements_covered_display": "100"}, "missing_lines": [], "excluded_lines": [], "start_line": 1}}, "classes": {"": {"executed_lines": [1, 2, 4, 5, 12, 14, 17, 18, 19, 20, 23, 24, 30, 31, 34, 35, 36, 37, 38, 39, 40, 43, 44, 49, 50, 51, 52, 53, 56, 57, 62, 63, 64, 65, 66, 69, 70, 78, 79, 80, 81, 82, 83, 84, 87, 88, 89, 90, 91], "summary": {"covered_lines": 49, "num_statements": 54, "percent_covered": 90.74074074074075, "percent_covered_display": "91", "missing_lines": 5, "excluded_lines": 0, "percent_statements_covered": 90.74074074074075, "percent_statements_covered_display": "91"}, "missing_lines": [71, 72, 73, 74, 75], "excluded_lines": [], "start_line": 1}}}, "app/api/health.py": {"executed_lines": [1, 3, 5, 7, 8, 10, 13, 14], "summary": {"covered_lines": 8, "num_statements": 9, "percent_covered": 88.88888888888889, "percent_covered_display": "89", "missing_lines": 1, "excluded_lines": 0, "percent_statements_covered": 88.88888888888889, "percent_statements_covered_display": "89"}, "missing_lines": [15], "excluded_lines": [], "functions": {"health_check": {"executed_lines": [], "summary": {"covered_lines": 0, "num_statements": 1, "percent_covered": 0.0, "percent_covered_display": "0", "missing_lines": 1, "excluded_lines": 0, "percent_statements_covered": 0.0, "percent_statements_covered_display": "0"}, "missing_lines": [15], "excluded_lines": [], "start_line": 14}, "": {"executed_lines": [1, 3, 5, 7, 8, 10, 13, 14], "summary": {"covered_lines": 8, "num_statements": 8, "percent_covered": 100.0, "percent_covered_display": "100", "missing_lines": 0, "excluded_lines": 0, "percent_statements_covered": 100.0, "percent_statements_covered_display": "100"}, "missing_lines": [], "excluded_lines": [], "start_line": 1}}, "classes": {"": {"executed_lines": [1, 3, 5, 7, 8, 10, 13, 14], "summary": {"covered_lines": 8, "num_statements": 9, "percent_covered": 88.88888888888889, "percent_covered_display": "89", "missing_lines": 1, "excluded_lines": 0, "percent_statements_covered": 88.88888888888889, "percent_statements_covered_display": "89"}, "missing_lines": [15], "excluded_lines": [], "start_line": 1}}}, "app/api/workloads.py": {"executed_lines": [1, 3, 5, 8, 9, 19, 20], "summary": {"covered_lines": 7, "num_statements": 12, "percent_covered": 58.333333333333336, "percent_covered_display": "58", "missing_lines": 5, "excluded_lines": 0, "percent_statements_covered": 58.333333333333336, "percent_statements_covered_display": "58"}, "missing_lines": [11, 21, 22, 23, 24], "excluded_lines": [], "functions": {"list_workloads": {"executed_lines": [], "summary": {"covered_lines": 0, "num_statements": 1, "percent_covered": 0.0, "percent_covered_display": "0", "missing_lines": 1, "excluded_lines": 0, "percent_statements_covered": 0.0, "percent_statements_covered_display": "0"}, "missing_lines": [11], "excluded_lines": [], "start_line": 9}, "get_workload": {"executed_lines": [], "summary": {"covered_lines": 0, "num_statements": 4, "percent_covered": 0.0, "percent_covered_display": "0", "missing_lines": 4, "excluded_lines": 0, "percent_statements_covered": 0.0, "percent_statements_covered_display": "0"}, "missing_lines": [21, 22, 23, 24], "excluded_lines": [], "start_line": 20}, "": {"executed_lines": [1, 3, 5, 8, 9, 19, 20], "summary": {"covered_lines": 7, "num_statements": 7, "percent_covered": 100.0, "percent_covered_display": "100", "missing_lines": 0, "excluded_lines": 0, "percent_statements_covered": 100.0, "percent_statements_covered_display": "100"}, "missing_lines": [], "excluded_lines": [], "start_line": 1}}, "classes": {"": {"executed_lines": [1, 3, 5, 8, 9, 19, 20], "summary": {"covered_lines": 7, "num_statements": 12, "percent_covered": 58.333333333333336, "percent_covered_display": "58", "missing_lines": 5, "excluded_lines": 0, "percent_statements_covered": 58.333333333333336, "percent_statements_covered_display": "58"}, "missing_lines": [11, 21, 22, 23, 24], "excluded_lines": [], "start_line": 1}}}, "app/config.py": {"executed_lines": [1, 2, 4, 7, 8, 15, 18, 19, 20, 23, 24, 25, 27, 28, 29, 32, 33, 34], "summary": {"covered_lines": 18, "num_statements": 18, "percent_covered": 100.0, "percent_covered_display": "100", "missing_lines": 0, "excluded_lines": 0, "percent_statements_covered": 100.0, "percent_statements_covered_display": "100"}, "missing_lines": [], "excluded_lines": [], "functions": {"Settings.cors_origins_list": {"executed_lines": [29], "summary": {"covered_lines": 1, "num_statements": 1, "percent_covered": 100.0, "percent_covered_display": "100", "missing_lines": 0, "excluded_lines": 0, "percent_statements_covered": 100.0, "percent_statements_covered_display": "100"}, "missing_lines": [], "excluded_lines": [], "start_line": 28}, "get_settings": {"executed_lines": [34], "summary": {"covered_lines": 1, "num_statements": 1, "percent_covered": 100.0, "percent_covered_display": "100", "missing_lines": 0, "excluded_lines": 0, "percent_statements_covered": 100.0, "percent_statements_covered_display": "100"}, "missing_lines": [], "excluded_lines": [], "start_line": 33}, "": {"executed_lines": [1, 2, 4, 7, 8, 15, 18, 19, 20, 23, 24, 25, 27, 28, 32, 33], "summary": {"covered_lines": 16, "num_statements": 16, "percent_covered": 100.0, "percent_covered_display": "100", "missing_lines": 0, "excluded_lines": 0, "percent_statements_covered": 100.0, "percent_statements_covered_display": "100"}, "missing_lines": [], "excluded_lines": [], "start_line": 1}}, "classes": {"Settings": {"executed_lines": [29], "summary": {"covered_lines": 1, "num_statements": 1, "percent_covered": 100.0, "percent_covered_display": "100", "missing_lines": 0, "excluded_lines": 0, "percent_statements_covered": 100.0, "percent_statements_covered_display": "100"}, "missing_lines": [], "excluded_lines": [], "start_line": 7}, "": {"executed_lines": [1, 2, 4, 7, 8, 15, 18, 19, 20, 23, 24, 25, 27, 28, 32, 33, 34], "summary": {"covered_lines": 17, "num_statements": 17, "percent_covered": 100.0, "percent_covered_display": "100", "missing_lines": 0, "excluded_lines": 0, "percent_statements_covered": 100.0, "percent_statements_covered_display": "100"}, "missing_lines": [], "excluded_lines": [], "start_line": 1}}}, "app/database.py": {"executed_lines": [1, 3, 4, 6, 8, 10, 11, 12, 14, 20, 23, 24, 27, 28, 30, 33], "summary": {"covered_lines": 16, "num_statements": 20, "percent_covered": 80.0, "percent_covered_display": "80", "missing_lines": 4, "excluded_lines": 0, "percent_statements_covered": 80.0, "percent_statements_covered_display": "80"}, "missing_lines": [34, 35, 36, 38], "excluded_lines": [], "functions": {"init_db": {"executed_lines": [28, 30], "summary": {"covered_lines": 2, "num_statements": 2, "percent_covered": 100.0, "percent_covered_display": "100", "missing_lines": 0, "excluded_lines": 0, "percent_statements_covered": 100.0, "percent_statements_covered_display": "100"}, "missing_lines": [], "excluded_lines": [], "start_line": 27}, "get_db": {"executed_lines": [], "summary": {"covered_lines": 0, "num_statements": 4, "percent_covered": 0.0, "percent_covered_display": "0", "missing_lines": 4, "excluded_lines": 0, "percent_statements_covered": 0.0, "percent_statements_covered_display": "0"}, "missing_lines": [34, 35, 36, 38], "excluded_lines": [], "start_line": 33}, "": {"executed_lines": [1, 3, 4, 6, 8, 10, 11, 12, 14, 20, 23, 24, 27, 33], "summary": {"covered_lines": 14, "num_statements": 14, "percent_covered": 100.0, "percent_covered_display": "100", "missing_lines": 0, "excluded_lines": 0, "percent_statements_covered": 100.0, "percent_statements_covered_display": "100"}, "missing_lines": [], "excluded_lines": [], "start_line": 1}}, "classes": {"Base": {"executed_lines": [], "summary": {"covered_lines": 0, "num_statements": 0, "percent_covered": 100.0, "percent_covered_display": "100", "missing_lines": 0, "excluded_lines": 0, "percent_statements_covered": 100.0, "percent_statements_covered_display": "100"}, "missing_lines": [], "excluded_lines": [], "start_line": 23}, "": {"executed_lines": [1, 3, 4, 6, 8, 10, 11, 12, 14, 20, 23, 24, 27, 28, 30, 33], "summary": {"covered_lines": 16, "num_statements": 20, "percent_covered": 80.0, "percent_covered_display": "80", "missing_lines": 4, "excluded_lines": 0, "percent_statements_covered": 80.0, "percent_statements_covered_display": "80"}, "missing_lines": [34, 35, 36, 38], "excluded_lines": [], "start_line": 1}}}, "app/logging_config.py": {"executed_lines": [30, 32, 33, 34, 35, 36, 37, 38, 39, 41, 42, 47, 48, 49, 54, 60, 94, 100, 102, 103, 104, 105, 106, 107, 108, 109, 110, 111, 112, 113, 114, 115, 116, 118, 119, 124, 135, 137, 138, 140, 141, 142, 143, 146, 147, 150, 152, 157, 167, 168, 169, 170, 171, 172, 173, 175, 176, 178, 185, 187, 192, 201, 202, 203, 204, 205, 207, 208, 209, 210, 217, 219, 220, 221, 222, 231, 232, 233], "summary": {"covered_lines": 78, "num_statements": 92, "percent_covered": 84.78260869565217, "percent_covered_display": "85", "missing_lines": 14, "excluded_lines": 0, "percent_statements_covered": 84.78260869565217, "percent_statements_covered_display": "85"}, "missing_lines": [62, 70, 71, 72, 73, 74, 75, 78, 81, 82, 83, 86, 87, 89], "excluded_lines": [], "functions": {"JSONFormatter.format": {"executed_lines": [], "summary": {"covered_lines": 0, "num_statements": 14, "percent_covered": 0.0, "percent_covered_display": "0", "missing_lines": 14, "excluded_lines": 0, "percent_statements_covered": 0.0, "percent_statements_covered_display": "0"}, "missing_lines": [62, 70, 71, 72, 73, 74, 75, 78, 81, 82, 83, 86, 87, 89], "excluded_lines": [], "start_line": 60}, "DevFormatter.format": {"executed_lines": [103, 104, 105, 106, 107, 108, 109, 110, 111, 112, 113, 114, 115, 116], "summary": {"covered_lines": 14, "num_statements": 14, "percent_covered": 100.0, "percent_covered_display": "100", "missing_lines": 0, "excluded_lines": 0, "percent_statements_covered": 100.0, "percent_statements_covered_display": "100"}, "missing_lines": [], "excluded_lines": [], "start_line": 102}, "DevFormatter.formatTime": {"executed_lines": [119], "summary": {"covered_lines": 1, "num_statements": 1, "percent_covered": 100.0, "percent_covered_display": "100", "missing_lines": 0, "excluded_lines": 0, "percent_statements_covered": 100.0, "percent_statements_covered_display": "100"}, "missing_lines": [], "excluded_lines": [], "start_line": 118}, "configure_logging": {"executed_lines": [135, 137, 138, 140, 141, 142, 143, 146, 147], "summary": {"covered_lines": 9, "num_statements": 9, "percent_covered": 100.0, "percent_covered_display": "100", "missing_lines": 0, "excluded_lines": 0, "percent_statements_covered": 100.0, "percent_statements_covered_display": "100"}, "missing_lines": [], "excluded_lines": [], "start_line": 124}, "get_logger": {"executed_lines": [152], "summary": {"covered_lines": 1, "num_statements": 1, "percent_covered": 100.0, "percent_covered_display": "100", "missing_lines": 0, "excluded_lines": 0, "percent_statements_covered": 100.0, "percent_statements_covered_display": "100"}, "missing_lines": [], "excluded_lines": [], "start_line": 150}, "RequestIDMiddleware.dispatch": {"executed_lines": [168, 169, 170, 171, 172, 173, 175, 176, 178, 185, 187], "summary": {"covered_lines": 11, "num_statements": 11, "percent_covered": 100.0, "percent_covered_display": "100", "missing_lines": 0, "excluded_lines": 0, "percent_statements_covered": 100.0, "percent_statements_covered_display": "100"}, "missing_lines": [], "excluded_lines": [], "start_line": 167}, "BenchmarkTimer.__init__": {"executed_lines": [202, 203, 204, 205], "summary": {"covered_lines": 4, "num_statements": 4, "percent_covered": 100.0, "percent_covered_display": "100", "missing_lines": 0, "excluded_lines": 0, "percent_statements_covered": 100.0, "percent_statements_covered_display": "100"}, "missing_lines": [], "excluded_lines": [], "start_line": 201}, "BenchmarkTimer.__enter__": {"executed_lines": [208, 209, 210, 217], "summary": {"covered_lines": 4, "num_statements": 4, "percent_covered": 100.0, "percent_covered_display": "100", "missing_lines": 0, "excluded_lines": 0, "percent_statements_covered": 100.0, "percent_statements_covered_display": "100"}, "missing_lines": [], "excluded_lines": [], "start_line": 207}, "BenchmarkTimer.__exit__": {"executed_lines": [220, 221, 222, 231, 232, 233], "summary": {"covered_lines": 6, "num_statements": 6, "percent_covered": 100.0, "percent_covered_display": "100", "missing_lines": 0, "excluded_lines": 0, "percent_statements_covered": 100.0, "percent_statements_covered_display": "100"}, "missing_lines": [], "excluded_lines": [], "start_line": 219}, "": {"executed_lines": [30, 32, 33, 34, 35, 36, 37, 38, 39, 41, 42, 47, 48, 49, 54, 60, 94, 100, 102, 118, 124, 150, 157, 167, 192, 201, 207, 219], "summary": {"covered_lines": 28, "num_statements": 28, "percent_covered": 100.0, "percent_covered_display": "100", "missing_lines": 0, "excluded_lines": 0, "percent_statements_covered": 100.0, "percent_statements_covered_display": "100"}, "missing_lines": [], "excluded_lines": [], "start_line": 1}}, "classes": {"JSONFormatter": {"executed_lines": [], "summary": {"covered_lines": 0, "num_statements": 14, "percent_covered": 0.0, "percent_covered_display": "0", "missing_lines": 14, "excluded_lines": 0, "percent_statements_covered": 0.0, "percent_statements_covered_display": "0"}, "missing_lines": [62, 70, 71, 72, 73, 74, 75, 78, 81, 82, 83, 86, 87, 89], "excluded_lines": [], "start_line": 54}, "DevFormatter": {"executed_lines": [103, 104, 105, 106, 107, 108, 109, 110, 111, 112, 113, 114, 115, 116, 119], "summary": {"covered_lines": 15, "num_statements": 15, "percent_covered": 100.0, "percent_covered_display": "100", "missing_lines": 0, "excluded_lines": 0, "percent_statements_covered": 100.0, "percent_statements_covered_display": "100"}, "missing_lines": [], "excluded_lines": [], "start_line": 94}, "RequestIDMiddleware": {"executed_lines": [168, 169, 170, 171, 172, 173, 175, 176, 178, 185, 187], "summary": {"covered_lines": 11, "num_statements": 11, "percent_covered": 100.0, "percent_covered_display": "100", "missing_lines": 0, "excluded_lines": 0, "percent_statements_covered": 100.0, "percent_statements_covered_display": "100"}, "missing_lines": [], "excluded_lines": [], "start_line": 157}, "BenchmarkTimer": {"executed_lines": [202, 203, 204, 205, 208, 209, 210, 217, 220, 221, 222, 231, 232, 233], "summary": {"covered_lines": 14, "num_statements": 14, "percent_covered": 100.0, "percent_covered_display": "100", "missing_lines": 0, "excluded_lines": 0, "percent_statements_covered": 100.0, "percent_statements_covered_display": "100"}, "missing_lines": [], "excluded_lines": [], "start_line": 192}, "": {"executed_lines": [30, 32, 33, 34, 35, 36, 37, 38, 39, 41, 42, 47, 48, 49, 54, 60, 94, 100, 102, 118, 124, 135, 137, 138, 140, 141, 142, 143, 146, 147, 150, 152, 157, 167, 192, 201, 207, 219], "summary": {"covered_lines": 38, "num_statements": 38, "percent_covered": 100.0, "percent_covered_display": "100", "missing_lines": 0, "excluded_lines": 0, "percent_statements_covered": 100.0, "percent_statements_covered_display": "100"}, "missing_lines": [], "excluded_lines": [], "start_line": 1}}}, "app/main.py": {"executed_lines": [1, 3, 4, 6, 7, 8, 11, 15, 17, 19, 27, 28, 37, 38, 39, 40, 41, 44, 45, 46, 47, 48, 49, 50, 51, 53, 59, 60, 61, 62, 63, 64, 66, 67, 68, 69, 70, 71, 74], "summary": {"covered_lines": 39, "num_statements": 43, "percent_covered": 90.69767441860465, "percent_covered_display": "91", "missing_lines": 4, "excluded_lines": 0, "percent_statements_covered": 90.69767441860465, "percent_statements_covered_display": "91"}, "missing_lines": [54, 55, 75, 77], "excluded_lines": [], "functions": {"startup": {"executed_lines": [39, 40, 41, 44, 45, 46, 47, 48, 49, 50, 51, 53], "summary": {"covered_lines": 12, "num_statements": 14, "percent_covered": 85.71428571428571, "percent_covered_display": "86", "missing_lines": 2, "excluded_lines": 0, "percent_statements_covered": 85.71428571428571, "percent_statements_covered_display": "86"}, "missing_lines": [54, 55], "excluded_lines": [], "start_line": 38}, "": {"executed_lines": [1, 3, 4, 6, 7, 8, 11, 15, 17, 19, 27, 28, 37, 38, 59, 60, 61, 62, 63, 64, 66, 67, 68, 69, 70, 71, 74], "summary": {"covered_lines": 27, "num_statements": 29, "percent_covered": 93.10344827586206, "percent_covered_display": "93", "missing_lines": 2, "excluded_lines": 0, "percent_statements_covered": 93.10344827586206, "percent_statements_covered_display": "93"}, "missing_lines": [75, 77], "excluded_lines": [], "start_line": 1}}, "classes": {"": {"executed_lines": [1, 3, 4, 6, 7, 8, 11, 15, 17, 19, 27, 28, 37, 38, 39, 40, 41, 44, 45, 46, 47, 48, 49, 50, 51, 53, 59, 60, 61, 62, 63, 64, 66, 67, 68, 69, 70, 71, 74], "summary": {"covered_lines": 39, "num_statements": 43, "percent_covered": 90.69767441860465, "percent_covered_display": "91", "missing_lines": 4, "excluded_lines": 0, "percent_statements_covered": 90.69767441860465, "percent_statements_covered_display": "91"}, "missing_lines": [54, 55, 75, 77], "excluded_lines": [], "start_line": 1}}}, "app/models/__init__.py": {"executed_lines": [1, 2, 3, 5], "summary": {"covered_lines": 4, "num_statements": 4, "percent_covered": 100.0, "percent_covered_display": "100", "missing_lines": 0, "excluded_lines": 0, "percent_statements_covered": 100.0, "percent_statements_covered_display": "100"}, "missing_lines": [], "excluded_lines": [], "functions": {"": {"executed_lines": [1, 2, 3, 5], "summary": {"covered_lines": 4, "num_statements": 4, "percent_covered": 100.0, "percent_covered_display": "100", "missing_lines": 0, "excluded_lines": 0, "percent_statements_covered": 100.0, "percent_statements_covered_display": "100"}, "missing_lines": [], "excluded_lines": [], "start_line": 1}}, "classes": {"": {"executed_lines": [1, 2, 3, 5], "summary": {"covered_lines": 4, "num_statements": 4, "percent_covered": 100.0, "percent_covered_display": "100", "missing_lines": 0, "excluded_lines": 0, "percent_statements_covered": 100.0, "percent_statements_covered_display": "100"}, "missing_lines": [], "excluded_lines": [], "start_line": 1}}}, "app/models/benchmark.py": {"executed_lines": [1, 2, 4, 5, 7, 10, 11, 13, 16, 17, 18, 19, 22, 23, 26, 27, 30, 31, 32, 35, 36, 39, 42, 45, 48, 50], "summary": {"covered_lines": 26, "num_statements": 27, "percent_covered": 96.29629629629629, "percent_covered_display": "96", "missing_lines": 1, "excluded_lines": 0, "percent_statements_covered": 96.29629629629629, "percent_statements_covered_display": "96"}, "missing_lines": [51], "excluded_lines": [], "functions": {"BenchmarkRun.__repr__": {"executed_lines": [], "summary": {"covered_lines": 0, "num_statements": 1, "percent_covered": 0.0, "percent_covered_display": "0", "missing_lines": 1, "excluded_lines": 0, "percent_statements_covered": 0.0, "percent_statements_covered_display": "0"}, "missing_lines": [51], "excluded_lines": [], "start_line": 50}, "": {"executed_lines": [1, 2, 4, 5, 7, 10, 11, 13, 16, 17, 18, 19, 22, 23, 26, 27, 30, 31, 32, 35, 36, 39, 42, 45, 48, 50], "summary": {"covered_lines": 26, "num_statements": 26, "percent_covered": 100.0, "percent_covered_display": "100", "missing_lines": 0, "excluded_lines": 0, "percent_statements_covered": 100.0, "percent_statements_covered_display": "100"}, "missing_lines": [], "excluded_lines": [], "start_line": 1}}, "classes": {"BenchmarkRun": {"executed_lines": [], "summary": {"covered_lines": 0, "num_statements": 1, "percent_covered": 0.0, "percent_covered_display": "0", "missing_lines": 1, "excluded_lines": 0, "percent_statements_covered": 0.0, "percent_statements_covered_display": "0"}, "missing_lines": [51], "excluded_lines": [], "start_line": 10}, "": {"executed_lines": [1, 2, 4, 5, 7, 10, 11, 13, 16, 17, 18, 19, 22, 23, 26, 27, 30, 31, 32, 35, 36, 39, 42, 45, 48, 50], "summary": {"covered_lines": 26, "num_statements": 26, "percent_covered": 100.0, "percent_covered_display": "100", "missing_lines": 0, "excluded_lines": 0, "percent_statements_covered": 100.0, "percent_statements_covered_display": "100"}, "missing_lines": [], "excluded_lines": [], "start_line": 1}}}, "app/models/cluster_node.py": {"executed_lines": [1, 2, 4, 5, 7, 10, 17, 19, 22, 23, 24, 25, 26, 27, 28, 29, 32, 33, 34, 35, 38, 40, 44], "summary": {"covered_lines": 23, "num_statements": 24, "percent_covered": 95.83333333333333, "percent_covered_display": "96", "missing_lines": 1, "excluded_lines": 0, "percent_statements_covered": 95.83333333333333, "percent_statements_covered_display": "96"}, "missing_lines": [45], "excluded_lines": [], "functions": {"ClusterNode.__repr__": {"executed_lines": [], "summary": {"covered_lines": 0, "num_statements": 1, "percent_covered": 0.0, "percent_covered_display": "0", "missing_lines": 1, "excluded_lines": 0, "percent_statements_covered": 0.0, "percent_statements_covered_display": "0"}, "missing_lines": [45], "excluded_lines": [], "start_line": 44}, "": {"executed_lines": [1, 2, 4, 5, 7, 10, 17, 19, 22, 23, 24, 25, 26, 27, 28, 29, 32, 33, 34, 35, 38, 40, 44], "summary": {"covered_lines": 23, "num_statements": 23, "percent_covered": 100.0, "percent_covered_display": "100", "missing_lines": 0, "excluded_lines": 0, "percent_statements_covered": 100.0, "percent_statements_covered_display": "100"}, "missing_lines": [], "excluded_lines": [], "start_line": 1}}, "classes": {"ClusterNode": {"executed_lines": [], "summary": {"covered_lines": 0, "num_statements": 1, "percent_covered": 0.0, "percent_covered_display": "0", "missing_lines": 1, "excluded_lines": 0, "percent_statements_covered": 0.0, "percent_statements_covered_display": "0"}, "missing_lines": [45], "excluded_lines": [], "start_line": 10}, "": {"executed_lines": [1, 2, 4, 5, 7, 10, 17, 19, 22, 23, 24, 25, 26, 27, 28, 29, 32, 33, 34, 35, 38, 40, 44], "summary": {"covered_lines": 23, "num_statements": 23, "percent_covered": 100.0, "percent_covered_display": "100", "missing_lines": 0, "excluded_lines": 0, "percent_statements_covered": 100.0, "percent_statements_covered_display": "100"}, "missing_lines": [], "excluded_lines": [], "start_line": 1}}}, "app/models/experiment.py": {"executed_lines": [1, 2, 4, 5, 7, 10, 17, 19, 22, 23, 24, 27, 28, 30, 33, 37], "summary": {"covered_lines": 16, "num_statements": 17, "percent_covered": 94.11764705882354, "percent_covered_display": "94", "missing_lines": 1, "excluded_lines": 0, "percent_statements_covered": 94.11764705882354, "percent_statements_covered_display": "94"}, "missing_lines": [38], "excluded_lines": [], "functions": {"Experiment.__repr__": {"executed_lines": [], "summary": {"covered_lines": 0, "num_statements": 1, "percent_covered": 0.0, "percent_covered_display": "0", "missing_lines": 1, "excluded_lines": 0, "percent_statements_covered": 0.0, "percent_statements_covered_display": "0"}, "missing_lines": [38], "excluded_lines": [], "start_line": 37}, "": {"executed_lines": [1, 2, 4, 5, 7, 10, 17, 19, 22, 23, 24, 27, 28, 30, 33, 37], "summary": {"covered_lines": 16, "num_statements": 16, "percent_covered": 100.0, "percent_covered_display": "100", "missing_lines": 0, "excluded_lines": 0, "percent_statements_covered": 100.0, "percent_statements_covered_display": "100"}, "missing_lines": [], "excluded_lines": [], "start_line": 1}}, "classes": {"Experiment": {"executed_lines": [], "summary": {"covered_lines": 0, "num_statements": 1, "percent_covered": 0.0, "percent_covered_display": "0", "missing_lines": 1, "excluded_lines": 0, "percent_statements_covered": 0.0, "percent_statements_covered_display": "0"}, "missing_lines": [38], "excluded_lines": [], "start_line": 10}, "": {"executed_lines": [1, 2, 4, 5, 7, 10, 17, 19, 22, 23, 24, 27, 28, 30, 33, 37], "summary": {"covered_lines": 16, "num_statements": 16, "percent_covered": 100.0, "percent_covered_display": "100", "missing_lines": 0, "excluded_lines": 0, "percent_statements_covered": 100.0, "percent_statements_covered_display": "100"}, "missing_lines": [], "excluded_lines": [], "start_line": 1}}}, "app/observability/__init__.py": {"executed_lines": [1, 3], "summary": {"covered_lines": 2, "num_statements": 2, "percent_covered": 100.0, "percent_covered_display": "100", "missing_lines": 0, "excluded_lines": 0, "percent_statements_covered": 100.0, "percent_statements_covered_display": "100"}, "missing_lines": [], "excluded_lines": [], "functions": {"": {"executed_lines": [1, 3], "summary": {"covered_lines": 2, "num_statements": 2, "percent_covered": 100.0, "percent_covered_display": "100", "missing_lines": 0, "excluded_lines": 0, "percent_statements_covered": 100.0, "percent_statements_covered_display": "100"}, "missing_lines": [], "excluded_lines": [], "start_line": 1}}, "classes": {"": {"executed_lines": [1, 3], "summary": {"covered_lines": 2, "num_statements": 2, "percent_covered": 100.0, "percent_covered_display": "100", "missing_lines": 0, "excluded_lines": 0, "percent_statements_covered": 100.0, "percent_statements_covered_display": "100"}, "missing_lines": [], "excluded_lines": [], "start_line": 1}}}, "app/observability/sampler.py": {"executed_lines": [16, 17, 18, 19, 21, 24, 25, 26, 27, 28, 29, 30, 31, 32, 33, 34, 35, 38, 39, 40, 41, 42, 43, 44, 45, 46, 47, 48, 49, 50, 51, 52, 54, 55, 72, 78, 79, 80, 81, 82, 83, 84, 85, 88, 89, 92, 93, 97, 98, 99, 100, 101, 106, 108, 109, 110, 111, 112, 114, 115, 116, 126, 127, 128, 131, 132, 133, 134, 135, 138, 139, 140, 141, 144, 145, 154, 160, 176, 177, 178, 179, 182, 184, 185, 186, 187, 189, 190, 191, 192, 196, 197, 198, 199, 203], "summary": {"covered_lines": 95, "num_statements": 106, "percent_covered": 89.62264150943396, "percent_covered_display": "90", "missing_lines": 11, "excluded_lines": 0, "percent_statements_covered": 89.62264150943396, "percent_statements_covered_display": "90"}, "missing_lines": [90, 91, 94, 95, 117, 180, 181, 193, 194, 200, 201], "excluded_lines": [], "functions": {"ResourceSummary.to_dict": {"executed_lines": [55], "summary": {"covered_lines": 1, "num_statements": 1, "percent_covered": 100.0, "percent_covered_display": "100", "missing_lines": 0, "excluded_lines": 0, "percent_statements_covered": 100.0, "percent_statements_covered_display": "100"}, "missing_lines": [], "excluded_lines": [], "start_line": 54}, "ResourceSampler.__init__": {"executed_lines": [79, 80, 81, 82, 83, 84, 85, 88, 89, 92, 93], "summary": {"covered_lines": 11, "num_statements": 15, "percent_covered": 73.33333333333333, "percent_covered_display": "73", "missing_lines": 4, "excluded_lines": 0, "percent_statements_covered": 73.33333333333333, "percent_statements_covered_display": "73"}, "missing_lines": [90, 91, 94, 95], "excluded_lines": [], "start_line": 78}, "ResourceSampler.start": {"executed_lines": [98, 99, 100, 101, 106], "summary": {"covered_lines": 5, "num_statements": 5, "percent_covered": 100.0, "percent_covered_display": "100", "missing_lines": 0, "excluded_lines": 0, "percent_statements_covered": 100.0, "percent_statements_covered_display": "100"}, "missing_lines": [], "excluded_lines": [], "start_line": 97}, "ResourceSampler.stop": {"executed_lines": [109, 110, 111, 112], "summary": {"covered_lines": 4, "num_statements": 4, "percent_covered": 100.0, "percent_covered_display": "100", "missing_lines": 0, "excluded_lines": 0, "percent_statements_covered": 100.0, "percent_statements_covered_display": "100"}, "missing_lines": [], "excluded_lines": [], "start_line": 108}, "ResourceSampler.get_summary": {"executed_lines": [115, 116, 126, 127, 128, 131, 132, 133, 134, 135, 138, 139, 140, 141, 144, 145, 154, 160], "summary": {"covered_lines": 18, "num_statements": 19, "percent_covered": 94.73684210526316, "percent_covered_display": "95", "missing_lines": 1, "excluded_lines": 0, "percent_statements_covered": 94.73684210526316, "percent_statements_covered_display": "95"}, "missing_lines": [117], "excluded_lines": [], "start_line": 114}, "ResourceSampler._collect_loop": {"executed_lines": [177, 178, 179, 182], "summary": {"covered_lines": 4, "num_statements": 6, "percent_covered": 66.66666666666667, "percent_covered_display": "67", "missing_lines": 2, "excluded_lines": 0, "percent_statements_covered": 66.66666666666667, "percent_statements_covered_display": "67"}, "missing_lines": [180, 181], "excluded_lines": [], "start_line": 176}, "ResourceSampler._take_sample": {"executed_lines": [185, 186, 187, 189, 190, 191, 192, 196, 197, 198, 199, 203], "summary": {"covered_lines": 12, "num_statements": 16, "percent_covered": 75.0, "percent_covered_display": "75", "missing_lines": 4, "excluded_lines": 0, "percent_statements_covered": 75.0, "percent_statements_covered_display": "75"}, "missing_lines": [193, 194, 200, 201], "excluded_lines": [], "start_line": 184}, "": {"executed_lines": [16, 17, 18, 19, 21, 24, 25, 26, 27, 28, 29, 30, 31, 32, 33, 34, 35, 38, 39, 40, 41, 42, 43, 44, 45, 46, 47, 48, 49, 50, 51, 52, 54, 72, 78, 97, 108, 114, 176, 184], "summary": {"covered_lines": 40, "num_statements": 40, "percent_covered": 100.0, "percent_covered_display": "100", "missing_lines": 0, "excluded_lines": 0, "percent_statements_covered": 100.0, "percent_statements_covered_display": "100"}, "missing_lines": [], "excluded_lines": [], "start_line": 1}}, "classes": {"ResourceSample": {"executed_lines": [], "summary": {"covered_lines": 0, "num_statements": 0, "percent_covered": 100.0, "percent_covered_display": "100", "missing_lines": 0, "excluded_lines": 0, "percent_statements_covered": 100.0, "percent_statements_covered_display": "100"}, "missing_lines": [], "excluded_lines": [], "start_line": 25}, "ResourceSummary": {"executed_lines": [55], "summary": {"covered_lines": 1, "num_statements": 1, "percent_covered": 100.0, "percent_covered_display": "100", "missing_lines": 0, "excluded_lines": 0, "percent_statements_covered": 100.0, "percent_statements_covered_display": "100"}, "missing_lines": [], "excluded_lines": [], "start_line": 39}, "ResourceSampler": {"executed_lines": [79, 80, 81, 82, 83, 84, 85, 88, 89, 92, 93, 98, 99, 100, 101, 106, 109, 110, 111, 112, 115, 116, 126, 127, 128, 131, 132, 133, 134, 135, 138, 139, 140, 141, 144, 145, 154, 160, 177, 178, 179, 182, 185, 186, 187, 189, 190, 191, 192, 196, 197, 198, 199, 203], "summary": {"covered_lines": 54, "num_statements": 65, "percent_covered": 83.07692307692308, "percent_covered_display": "83", "missing_lines": 11, "excluded_lines": 0, "percent_statements_covered": 83.07692307692308, "percent_statements_covered_display": "83"}, "missing_lines": [90, 91, 94, 95, 117, 180, 181, 193, 194, 200, 201], "excluded_lines": [], "start_line": 72}, "": {"executed_lines": [16, 17, 18, 19, 21, 24, 25, 26, 27, 28, 29, 30, 31, 32, 33, 34, 35, 38, 39, 40, 41, 42, 43, 44, 45, 46, 47, 48, 49, 50, 51, 52, 54, 72, 78, 97, 108, 114, 176, 184], "summary": {"covered_lines": 40, "num_statements": 40, "percent_covered": 100.0, "percent_covered_display": "100", "missing_lines": 0, "excluded_lines": 0, "percent_statements_covered": 100.0, "percent_statements_covered_display": "100"}, "missing_lines": [], "excluded_lines": [], "start_line": 1}}}, "app/profiling/__init__.py": {"executed_lines": [], "summary": {"covered_lines": 0, "num_statements": 2, "percent_covered": 0.0, "percent_covered_display": "0", "missing_lines": 2, "excluded_lines": 0, "percent_statements_covered": 0.0, "percent_statements_covered_display": "0"}, "missing_lines": [1, 3], "excluded_lines": [], "functions": {"": {"executed_lines": [], "summary": {"covered_lines": 0, "num_statements": 2, "percent_covered": 0.0, "percent_covered_display": "0", "missing_lines": 2, "excluded_lines": 0, "percent_statements_covered": 0.0, "percent_statements_covered_display": "0"}, "missing_lines": [1, 3], "excluded_lines": [], "start_line": 1}}, "classes": {"": {"executed_lines": [], "summary": {"covered_lines": 0, "num_statements": 2, "percent_covered": 0.0, "percent_covered_display": "0", "missing_lines": 2, "excluded_lines": 0, "percent_statements_covered": 0.0, "percent_statements_covered_display": "0"}, "missing_lines": [1, 3], "excluded_lines": [], "start_line": 1}}}, "app/profiling/profiler.py": {"executed_lines": [], "summary": {"covered_lines": 0, "num_statements": 79, "percent_covered": 0.0, "percent_covered_display": "0", "missing_lines": 79, "excluded_lines": 0, "percent_statements_covered": 0.0, "percent_statements_covered_display": "0"}, "missing_lines": [21, 23, 24, 25, 26, 27, 28, 29, 32, 33, 34, 35, 36, 37, 38, 41, 42, 43, 44, 45, 46, 49, 50, 51, 52, 53, 54, 55, 56, 57, 58, 60, 61, 89, 90, 95, 96, 97, 98, 101, 109, 117, 119, 120, 122, 125, 126, 129, 130, 131, 132, 137, 138, 140, 141, 142, 145, 146, 147, 149, 150, 152, 158, 160, 162, 163, 167, 168, 169, 170, 177, 178, 181, 182, 183, 184, 185, 186, 193], "excluded_lines": [], "functions": {"ProfileResult.to_dict": {"executed_lines": [], "summary": {"covered_lines": 0, "num_statements": 1, "percent_covered": 0.0, "percent_covered_display": "0", "missing_lines": 1, "excluded_lines": 0, "percent_statements_covered": 0.0, "percent_statements_covered_display": "0"}, "missing_lines": [61], "excluded_lines": [], "start_line": 60}, "ProfileResult.summary": {"executed_lines": [], "summary": {"covered_lines": 0, "num_statements": 5, "percent_covered": 0.0, "percent_covered_display": "0", "missing_lines": 5, "excluded_lines": 0, "percent_statements_covered": 0.0, "percent_statements_covered_display": "0"}, "missing_lines": [90, 95, 96, 97, 98], "excluded_lines": [], "start_line": 89}, "WorkloadProfiler.profile": {"executed_lines": [], "summary": {"covered_lines": 0, "num_statements": 38, "percent_covered": 0.0, "percent_covered_display": "0", "missing_lines": 38, "excluded_lines": 0, "percent_statements_covered": 0.0, "percent_statements_covered_display": "0"}, "missing_lines": [117, 119, 120, 122, 125, 126, 129, 130, 131, 132, 137, 138, 140, 141, 142, 145, 146, 147, 149, 150, 152, 158, 160, 162, 163, 167, 168, 169, 170, 177, 178, 181, 182, 183, 184, 185, 186, 193], "excluded_lines": [], "start_line": 109}, "": {"executed_lines": [], "summary": {"covered_lines": 0, "num_statements": 35, "percent_covered": 0.0, "percent_covered_display": "0", "missing_lines": 35, "excluded_lines": 0, "percent_statements_covered": 0.0, "percent_statements_covered_display": "0"}, "missing_lines": [21, 23, 24, 25, 26, 27, 28, 29, 32, 33, 34, 35, 36, 37, 38, 41, 42, 43, 44, 45, 46, 49, 50, 51, 52, 53, 54, 55, 56, 57, 58, 60, 89, 101, 109], "excluded_lines": [], "start_line": 1}}, "classes": {"HotspotEntry": {"executed_lines": [], "summary": {"covered_lines": 0, "num_statements": 0, "percent_covered": 100.0, "percent_covered_display": "100", "missing_lines": 0, "excluded_lines": 0, "percent_statements_covered": 100.0, "percent_statements_covered_display": "100"}, "missing_lines": [], "excluded_lines": [], "start_line": 33}, "MemoryHotspot": {"executed_lines": [], "summary": {"covered_lines": 0, "num_statements": 0, "percent_covered": 100.0, "percent_covered_display": "100", "missing_lines": 0, "excluded_lines": 0, "percent_statements_covered": 100.0, "percent_statements_covered_display": "100"}, "missing_lines": [], "excluded_lines": [], "start_line": 42}, "ProfileResult": {"executed_lines": [], "summary": {"covered_lines": 0, "num_statements": 6, "percent_covered": 0.0, "percent_covered_display": "0", "missing_lines": 6, "excluded_lines": 0, "percent_statements_covered": 0.0, "percent_statements_covered_display": "0"}, "missing_lines": [61, 90, 95, 96, 97, 98], "excluded_lines": [], "start_line": 50}, "WorkloadProfiler": {"executed_lines": [], "summary": {"covered_lines": 0, "num_statements": 38, "percent_covered": 0.0, "percent_covered_display": "0", "missing_lines": 38, "excluded_lines": 0, "percent_statements_covered": 0.0, "percent_statements_covered_display": "0"}, "missing_lines": [117, 119, 120, 122, 125, 126, 129, 130, 131, 132, 137, 138, 140, 141, 142, 145, 146, 147, 149, 150, 152, 158, 160, 162, 163, 167, 168, 169, 170, 177, 178, 181, 182, 183, 184, 185, 186, 193], "excluded_lines": [], "start_line": 101}, "": {"executed_lines": [], "summary": {"covered_lines": 0, "num_statements": 35, "percent_covered": 0.0, "percent_covered_display": "0", "missing_lines": 35, "excluded_lines": 0, "percent_statements_covered": 0.0, "percent_statements_covered_display": "0"}, "missing_lines": [21, 23, 24, 25, 26, 27, 28, 29, 32, 33, 34, 35, 36, 37, 38, 41, 42, 43, 44, 45, 46, 49, 50, 51, 52, 53, 54, 55, 56, 57, 58, 60, 89, 101, 109], "excluded_lines": [], "start_line": 1}}}, "app/schemas/__init__.py": {"executed_lines": [1, 9], "summary": {"covered_lines": 2, "num_statements": 2, "percent_covered": 100.0, "percent_covered_display": "100", "missing_lines": 0, "excluded_lines": 0, "percent_statements_covered": 100.0, "percent_statements_covered_display": "100"}, "missing_lines": [], "excluded_lines": [], "functions": {"": {"executed_lines": [1, 9], "summary": {"covered_lines": 2, "num_statements": 2, "percent_covered": 100.0, "percent_covered_display": "100", "missing_lines": 0, "excluded_lines": 0, "percent_statements_covered": 100.0, "percent_statements_covered_display": "100"}, "missing_lines": [], "excluded_lines": [], "start_line": 1}}, "classes": {"": {"executed_lines": [1, 9], "summary": {"covered_lines": 2, "num_statements": 2, "percent_covered": 100.0, "percent_covered_display": "100", "missing_lines": 0, "excluded_lines": 0, "percent_statements_covered": 100.0, "percent_statements_covered_display": "100"}, "missing_lines": [], "excluded_lines": [], "start_line": 1}}}, "app/schemas/benchmark.py": {"executed_lines": [1, 2, 4, 7, 8, 12, 13, 14, 17, 18, 20, 21, 22, 23, 24, 26, 27, 28, 29, 30, 31, 32, 34, 35, 36, 37, 39, 40, 43, 44, 46, 47, 48, 49, 50, 51, 52, 53, 54, 55, 56, 59, 60, 61, 64, 65, 66, 67, 68, 69, 70], "summary": {"covered_lines": 51, "num_statements": 51, "percent_covered": 100.0, "percent_covered_display": "100", "missing_lines": 0, "excluded_lines": 0, "percent_statements_covered": 100.0, "percent_statements_covered_display": "100"}, "missing_lines": [], "excluded_lines": [], "functions": {"": {"executed_lines": [1, 2, 4, 7, 8, 12, 13, 14, 17, 18, 20, 21, 22, 23, 24, 26, 27, 28, 29, 30, 31, 32, 34, 35, 36, 37, 39, 40, 43, 44, 46, 47, 48, 49, 50, 51, 52, 53, 54, 55, 56, 59, 60, 61, 64, 65, 66, 67, 68, 69, 70], "summary": {"covered_lines": 51, "num_statements": 51, "percent_covered": 100.0, "percent_covered_display": "100", "missing_lines": 0, "excluded_lines": 0, "percent_statements_covered": 100.0, "percent_statements_covered_display": "100"}, "missing_lines": [], "excluded_lines": [], "start_line": 1}}, "classes": {"BenchmarkRunCreate": {"executed_lines": [], "summary": {"covered_lines": 0, "num_statements": 0, "percent_covered": 100.0, "percent_covered_display": "100", "missing_lines": 0, "excluded_lines": 0, "percent_statements_covered": 100.0, "percent_statements_covered_display": "100"}, "missing_lines": [], "excluded_lines": [], "start_line": 7}, "BenchmarkRunResponse": {"executed_lines": [], "summary": {"covered_lines": 0, "num_statements": 0, "percent_covered": 100.0, "percent_covered_display": "100", "missing_lines": 0, "excluded_lines": 0, "percent_statements_covered": 100.0, "percent_statements_covered_display": "100"}, "missing_lines": [], "excluded_lines": [], "start_line": 17}, "BenchmarkRunSummary": {"executed_lines": [], "summary": {"covered_lines": 0, "num_statements": 0, "percent_covered": 100.0, "percent_covered_display": "100", "missing_lines": 0, "excluded_lines": 0, "percent_statements_covered": 100.0, "percent_statements_covered_display": "100"}, "missing_lines": [], "excluded_lines": [], "start_line": 43}, "AIAnalysisResponse": {"executed_lines": [], "summary": {"covered_lines": 0, "num_statements": 0, "percent_covered": 100.0, "percent_covered_display": "100", "missing_lines": 0, "excluded_lines": 0, "percent_statements_covered": 100.0, "percent_statements_covered_display": "100"}, "missing_lines": [], "excluded_lines": [], "start_line": 59}, "ReportResponse": {"executed_lines": [], "summary": {"covered_lines": 0, "num_statements": 0, "percent_covered": 100.0, "percent_covered_display": "100", "missing_lines": 0, "excluded_lines": 0, "percent_statements_covered": 100.0, "percent_statements_covered_display": "100"}, "missing_lines": [], "excluded_lines": [], "start_line": 64}, "": {"executed_lines": [1, 2, 4, 7, 8, 12, 13, 14, 17, 18, 20, 21, 22, 23, 24, 26, 27, 28, 29, 30, 31, 32, 34, 35, 36, 37, 39, 40, 43, 44, 46, 47, 48, 49, 50, 51, 52, 53, 54, 55, 56, 59, 60, 61, 64, 65, 66, 67, 68, 69, 70], "summary": {"covered_lines": 51, "num_statements": 51, "percent_covered": 100.0, "percent_covered_display": "100", "missing_lines": 0, "excluded_lines": 0, "percent_statements_covered": 100.0, "percent_statements_covered_display": "100"}, "missing_lines": [], "excluded_lines": [], "start_line": 1}}}, "app/schemas/cluster.py": {"executed_lines": [1, 2, 4, 7, 9, 10, 11, 12, 13, 14, 15, 16, 17, 18, 21, 22, 24, 25, 26, 27, 28, 29, 30, 31, 32, 33, 34, 35, 36, 37, 38, 41, 42, 43, 44, 45, 46, 47, 48], "summary": {"covered_lines": 39, "num_statements": 39, "percent_covered": 100.0, "percent_covered_display": "100", "missing_lines": 0, "excluded_lines": 0, "percent_statements_covered": 100.0, "percent_statements_covered_display": "100"}, "missing_lines": [], "excluded_lines": [], "functions": {"": {"executed_lines": [1, 2, 4, 7, 9, 10, 11, 12, 13, 14, 15, 16, 17, 18, 21, 22, 24, 25, 26, 27, 28, 29, 30, 31, 32, 33, 34, 35, 36, 37, 38, 41, 42, 43, 44, 45, 46, 47, 48], "summary": {"covered_lines": 39, "num_statements": 39, "percent_covered": 100.0, "percent_covered_display": "100", "missing_lines": 0, "excluded_lines": 0, "percent_statements_covered": 100.0, "percent_statements_covered_display": "100"}, "missing_lines": [], "excluded_lines": [], "start_line": 1}}, "classes": {"NodeHeartbeat": {"executed_lines": [], "summary": {"covered_lines": 0, "num_statements": 0, "percent_covered": 100.0, "percent_covered_display": "100", "missing_lines": 0, "excluded_lines": 0, "percent_statements_covered": 100.0, "percent_statements_covered_display": "100"}, "missing_lines": [], "excluded_lines": [], "start_line": 7}, "ClusterNodeResponse": {"executed_lines": [], "summary": {"covered_lines": 0, "num_statements": 0, "percent_covered": 100.0, "percent_covered_display": "100", "missing_lines": 0, "excluded_lines": 0, "percent_statements_covered": 100.0, "percent_statements_covered_display": "100"}, "missing_lines": [], "excluded_lines": [], "start_line": 21}, "ClusterSummaryResponse": {"executed_lines": [], "summary": {"covered_lines": 0, "num_statements": 0, "percent_covered": 100.0, "percent_covered_display": "100", "missing_lines": 0, "excluded_lines": 0, "percent_statements_covered": 100.0, "percent_statements_covered_display": "100"}, "missing_lines": [], "excluded_lines": [], "start_line": 41}, "": {"executed_lines": [1, 2, 4, 7, 9, 10, 11, 12, 13, 14, 15, 16, 17, 18, 21, 22, 24, 25, 26, 27, 28, 29, 30, 31, 32, 33, 34, 35, 36, 37, 38, 41, 42, 43, 44, 45, 46, 47, 48], "summary": {"covered_lines": 39, "num_statements": 39, "percent_covered": 100.0, "percent_covered_display": "100", "missing_lines": 0, "excluded_lines": 0, "percent_statements_covered": 100.0, "percent_statements_covered_display": "100"}, "missing_lines": [], "excluded_lines": [], "start_line": 1}}}, "app/schemas/experiment.py": {"executed_lines": [1, 2, 4, 7, 8, 9, 10, 11, 14, 15, 16, 17, 18, 21, 22, 25, 26, 28, 29, 3
[...]
00"}, "missing_lines": [], "excluded_lines": [], "start_line": 1}}}, "app/workloads/graph_bfs.py": {"executed_lines": [26, 27, 28, 30, 31, 33, 34, 37, 40, 42, 43, 44, 45, 46, 47, 48, 49, 50, 51, 52, 53, 56, 58, 59, 60, 61, 62, 63, 64, 65, 66, 67, 70, 76, 77, 78, 79, 80, 83, 87, 88, 89, 91, 92, 93, 94, 98, 100, 101, 102, 103, 105, 106, 107, 108, 110, 111, 112, 113, 114, 115, 117, 123, 128, 130, 131, 132, 135, 136, 137, 138, 139, 140, 141, 144, 145, 147, 148, 149, 150, 151, 153, 154, 155, 156, 158, 159, 160, 162, 163, 185, 186], "summary": {"covered_lines": 92, "num_statements": 92, "percent_covered": 100.0, "percent_covered_display": "100", "missing_lines": 0, "excluded_lines": 0, "percent_statements_covered": 100.0, "percent_statements_covered_display": "100"}, "missing_lines": [], "excluded_lines": [], "functions": {"_build_adjacency_list": {"executed_lines": [42, 43, 44, 45, 46, 47, 48, 49, 50, 51, 52, 53], "summary": {"covered_lines": 12, "num_statements": 12, "percent_covered": 100.0, "percent_covered_display": "100", "missing_lines": 0, "excluded_lines": 0, "percent_statements_covered": 100.0, "percent_statements_covered_display": "100"}, "missing_lines": [], "excluded_lines": [], "start_line": 40}, "_sequential_bfs": {"executed_lines": [58, 59, 60, 61, 62, 63, 64, 65, 66, 67], "summary": {"covered_lines": 10, "num_statements": 10, "percent_covered": 100.0, "percent_covered_display": "100", "missing_lines": 0, "excluded_lines": 0, "percent_statements_covered": 100.0, "percent_statements_covered_display": "100"}, "missing_lines": [], "excluded_lines": [], "start_line": 56}, "_expand_frontier_partition": {"executed_lines": [76, 77, 78, 79, 80], "summary": {"covered_lines": 5, "num_statements": 5, "percent_covered": 100.0, "percent_covered_display": "100", "missing_lines": 0, "excluded_lines": 0, "percent_statements_covered": 100.0, "percent_statements_covered_display": "100"}, "missing_lines": [], "excluded_lines": [], "start_line": 70}, "_parallel_bfs": {"executed_lines": [87, 88, 89, 91, 92, 93, 94, 98, 100, 101, 102, 103, 105, 106, 107, 108, 110, 111, 112, 113, 114, 115, 117], "summary": {"covered_lines": 23, "num_statements": 23, "percent_covered": 100.0, "percent_covered_display": "100", "missing_lines": 0, "excluded_lines": 0, "percent_statements_covered": 100.0, "percent_statements_covered_display": "100"}, "missing_lines": [], "excluded_lines": [], "start_line": 83}, "GraphBFSWorkload.run": {"executed_lines": [130, 131, 132, 135, 136, 137, 138, 139, 140, 141, 144, 145, 147, 148, 149, 150, 151, 153, 154, 155, 156, 158, 159, 160, 162, 163, 185, 186], "summary": {"covered_lines": 28, "num_statements": 28, "percent_covered": 100.0, "percent_covered_display": "100", "missing_lines": 0, "excluded_lines": 0, "percent_statements_covered": 100.0, "percent_statements_covered_display": "100"}, "missing_lines": [], "excluded_lines": [], "start_line": 128}, "": {"executed_lines": [26, 27, 28, 30, 31, 33, 34, 37, 40, 56, 70, 83, 123, 128], "summary": {"covered_lines": 14, "num_statements": 14, "percent_covered": 100.0, "percent_covered_display": "100", "missing_lines": 0, "excluded_lines": 0, "percent_statements_covered": 100.0, "percent_statements_covered_display": "100"}, "missing_lines": [], "excluded_lines": [], "start_line": 1}}, "classes": {"GraphBFSWorkload": {"executed_lines": [130, 131, 132, 135, 136, 137, 138, 139, 140, 141, 144, 145, 147, 148, 149, 150, 151, 153, 154, 155, 156, 158, 159, 160, 162, 163, 185, 186], "summary": {"covered_lines": 28, "num_statements": 28, "percent_covered": 100.0, "percent_covered_display": "100", "missing_lines": 0, "excluded_lines": 0, "percent_statements_covered": 100.0, "percent_statements_covered_display": "100"}, "missing_lines": [], "excluded_lines": [], "start_line": 123}, "": {"executed_lines": [26, 27, 28, 30, 31, 33, 34, 37, 40, 42, 43, 44, 45, 46, 47, 48, 49, 50, 51, 52, 53, 56, 58, 59, 60, 61, 62, 63, 64, 65, 66, 67, 70, 76, 77, 78, 79, 80, 83, 87, 88, 89, 91, 92, 93, 94, 98, 100, 101, 102, 103, 105, 106, 107, 108, 110, 111, 112, 113, 114, 115, 117, 123, 128], "summary": {"covered_lines": 64, "num_statements": 64, "percent_covered": 100.0, "percent_covered_display": "100", "missing_lines": 0, "excluded_lines": 0, "percent_statements_covered": 100.0, "percent_statements_covered_display": "100"}, "missing_lines": [], "excluded_lines": [], "start_line": 1}}}, "app/workloads/image_processing.py": {"executed_lines": [24, 25, 27, 28, 29, 31, 32, 35, 38, 52, 54, 55, 56, 57, 63, 68, 70, 71, 72, 75, 76, 77, 78, 79, 80, 83, 84, 86, 87, 88, 89, 90, 92, 93, 94, 95, 97, 98, 100, 116, 117, 119, 120, 121, 122, 126, 128, 129, 130, 132, 133, 134, 136, 137, 143], "summary": {"covered_lines": 55, "num_statements": 62, "percent_covered": 88.70967741935483, "percent_covered_display": "89", "missing_lines": 7, "excluded_lines": 0, "percent_statements_covered": 88.70967741935483, "percent_statements_covered_display": "89"}, "missing_lines": [43, 44, 45, 46, 47, 48, 49], "excluded_lines": [], "functions": {"_process_strip": {"executed_lines": [], "summary": {"covered_lines": 0, "num_statements": 7, "percent_covered": 0.0, "percent_covered_display": "0", "missing_lines": 7, "excluded_lines": 0, "percent_statements_covered": 0.0, "percent_statements_covered_display": "0"}, "missing_lines": [43, 44, 45, 46, 47, 48, 49], "excluded_lines": [], "start_line": 38}, "_process_full": {"executed_lines": [54, 55, 56, 57], "summary": {"covered_lines": 4, "num_statements": 4, "percent_covered": 100.0, "percent_covered_display": "100", "missing_lines": 0, "excluded_lines": 0, "percent_statements_covered": 100.0, "percent_statements_covered_display": "100"}, "missing_lines": [], "excluded_lines": [], "start_line": 52}, "ImageProcessingWorkload.run": {"executed_lines": [70, 71, 72, 75, 76, 77, 78, 79, 80, 83, 84, 86, 87, 88, 89, 90, 92, 93, 94, 95, 97, 98, 100, 116, 117], "summary": {"covered_lines": 25, "num_statements": 25, "percent_covered": 100.0, "percent_covered_display": "100", "missing_lines": 0, "excluded_lines": 0, "percent_statements_covered": 100.0, "percent_statements_covered_display": "100"}, "missing_lines": [], "excluded_lines": [], "start_line": 68}, "ImageProcessingWorkload._parallel_process": {"executed_lines": [121, 122, 126, 128, 129, 130, 132, 133, 134, 136, 137, 143], "summary": {"covered_lines": 12, "num_statements": 12, "percent_covered": 100.0, "percent_covered_display": "100", "missing_lines": 0, "excluded_lines": 0, "percent_statements_covered": 100.0, "percent_statements_covered_display": "100"}, "missing_lines": [], "excluded_lines": [], "start_line": 120}, "": {"executed_lines": [24, 25, 27, 28, 29, 31, 32, 35, 38, 52, 63, 68, 119, 120], "summary": {"covered_lines": 14, "num_statements": 14, "percent_covered": 100.0, "percent_covered_display": "100", "missing_lines": 0, "excluded_lines": 0, "percent_statements_covered": 100.0, "percent_statements_covered_display": "100"}, "missing_lines": [], "excluded_lines": [], "start_line": 1}}, "classes": {"ImageProcessingWorkload": {"executed_lines": [70, 71, 72, 75, 76, 77, 78, 79, 80, 83, 84, 86, 87, 88, 89, 90, 92, 93, 94, 95, 97, 98, 100, 116, 117, 121, 122, 126, 128, 129, 130, 132, 133, 134, 136, 137, 143], "summary": {"covered_lines": 37, "num_statements": 37, "percent_covered": 100.0, "percent_covered_display": "100", "missing_lines": 0, "excluded_lines": 0, "percent_statements_covered": 100.0, "percent_statements_covered_display": "100"}, "missing_lines": [], "excluded_lines": [], "start_line": 63}, "": {"executed_lines": [24, 25, 27, 28, 29, 31, 32, 35, 38, 52, 54, 55, 56, 57, 63, 68, 119, 120], "summary": {"covered_lines": 18, "num_statements": 25, "percent_covered": 72.0, "percent_covered_display": "72", "missing_lines": 7, "excluded_lines": 0, "percent_statements_covered": 72.0, "percent_statements_covered_display": "72"}, "missing_lines": [43, 44, 45, 46, 47, 48, 49], "excluded_lines": [], "start_line": 1}}}, "app/workloads/matrix_multiplication.py": {"executed_lines": [21, 22, 24, 25, 27, 28, 31, 34, 48, 53, 105, 106], "summary": {"covered_lines": 12, "num_statements": 56, "percent_covered": 21.428571428571427, "percent_covered_display": "21", "missing_lines": 44, "excluded_lines": 0, "percent_statements_covered": 21.428571428571427, "percent_statements_covered_display": "21"}, "missing_lines": [39, 40, 41, 42, 55, 57, 58, 59, 62, 63, 64, 65, 66, 67, 71, 73, 74, 76, 77, 78, 79, 80, 82, 83, 84, 85, 86, 88, 90, 102, 103, 107, 108, 109, 110, 112, 114, 116, 121, 122, 123, 125, 126, 130], "excluded_lines": [], "functions": {"_multiply_slab": {"executed_lines": [], "summary": {"covered_lines": 0, "num_statements": 4, "percent_covered": 0.0, "percent_covered_display": "0", "missing_lines": 4, "excluded_lines": 0, "percent_statements_covered": 0.0, "percent_statements_covered_display": "0"}, "missing_lines": [39, 40, 41, 42], "excluded_lines": [], "start_line": 34}, "MatrixMultiplicationWorkload.run": {"executed_lines": [], "summary": {"covered_lines": 0, "num_statements": 27, "percent_covered": 0.0, "percent_covered_display": "0", "missing_lines": 27, "excluded_lines": 0, "percent_statements_covered": 0.0, "percent_statements_covered_display": "0"}, "missing_lines": [55, 57, 58, 59, 62, 63, 64, 65, 66, 67, 71, 73, 74, 76, 77, 78, 79, 80, 82, 83, 84, 85, 86, 88, 90, 102, 103], "excluded_lines": [], "start_line": 53}, "MatrixMultiplicationWorkload._parallel_multiply": {"executed_lines": [], "summary": {"covered_lines": 0, "num_statements": 13, "percent_covered": 0.0, "percent_covered_display": "0", "missing_lines": 13, "excluded_lines": 0, "percent_statements_covered": 0.0, "percent_statements_covered_display": "0"}, "missing_lines": [107, 108, 109, 110, 112, 114, 116, 121, 122, 123, 125, 126, 130], "excluded_lines": [], "start_line": 106}, "": {"executed_lines": [21, 22, 24, 25, 27, 28, 31, 34, 48, 53, 105, 106], "summary": {"covered_lines": 12, "num_statements": 12, "percent_covered": 100.0, "percent_covered_display": "100", "missing_lines": 0, "excluded_lines": 0, "percent_statements_covered": 100.0, "percent_statements_covered_display": "100"}, "missing_lines": [], "excluded_lines": [], "start_line": 1}}, "classes": {"MatrixMultiplicationWorkload": {"executed_lines": [], "summary": {"covered_lines": 0, "num_statements": 40, "percent_covered": 0.0, "percent_covered_display": "0", "missing_lines": 40, "excluded_lines": 0, "percent_statements_covered": 0.0, "percent_statements_covered_display": "0"}, "missing_lines": [55, 57, 58, 59, 62, 63, 64, 65, 66, 67, 71, 73, 74, 76, 77, 78, 79, 80, 82, 83, 84, 85, 86, 88, 90, 102, 103, 107, 108, 109, 110, 112, 114, 116, 121, 122, 123, 125, 126, 130], "excluded_lines": [], "start_line": 48}, "": {"executed_lines": [21, 22, 24, 25, 27, 28, 31, 34, 48, 53, 105, 106], "summary": {"covered_lines": 12, "num_statements": 16, "percent_covered": 75.0, "percent_covered_display": "75", "missing_lines": 4, "excluded_lines": 0, "percent_statements_covered": 75.0, "percent_statements_covered_display": "75"}, "missing_lines": [39, 40, 41, 42], "excluded_lines": [], "start_line": 1}}}, "app/workloads/mpi_matrix_multiply.py": {"executed_lines": [], "summary": {"covered_lines": 0, "num_statements": 70, "percent_covered": 0.0, "percent_covered_display": "0", "missing_lines": 70, "excluded_lines": 0, "percent_statements_covered": 0.0, "percent_statements_covered_display": "0"}, "missing_lines": [20, 21, 22, 24, 26, 27, 28, 29, 30, 32, 33, 34, 37, 38, 39, 40, 41, 43, 44, 46, 49, 50, 51, 54, 55, 56, 58, 60, 62, 63, 64, 67, 68, 69, 70, 73, 75, 76, 81, 83, 86, 87, 88, 91, 92, 93, 96, 97, 98, 101, 102, 103, 104, 105, 106, 109, 113, 114, 115, 116, 118, 120, 121, 122, 123, 125, 134, 135, 138, 139], "excluded_lines": [], "functions": {"main": {"executed_lines": [], "summary": {"covered_lines": 0, "num_statements": 55, "percent_covered": 0.0, "percent_covered_display": "0", "missing_lines": 55, "excluded_lines": 0, "percent_statements_covered": 0.0, "percent_statements_covered_display": "0"}, "missing_lines": [38, 39, 40, 41, 43, 44, 46, 49, 50, 51, 54, 55, 56, 58, 60, 62, 63, 64, 67, 68, 69, 70, 73, 75, 76, 81, 83, 86, 87, 88, 91, 92, 93, 96, 97, 98, 101, 102, 103, 104, 105, 106, 109, 113, 114, 115, 116, 118, 120, 121, 122, 123, 125, 134, 135], "excluded_lines": [], "start_line": 37}, "": {"executed_lines": [], "summary": {"covered_lines": 0, "num_statements": 15, "percent_covered": 0.0, "percent_covered_display": "0", "missing_lines": 15, "excluded_lines": 0, "percent_statements_covered": 0.0, "percent_statements_covered_display": "0"}, "missing_lines": [20, 21, 22, 24, 26, 27, 28, 29, 30, 32, 33, 34, 37, 138, 139], "excluded_lines": [], "start_line": 1}}, "classes": {"": {"executed_lines": [], "summary": {"covered_lines": 0, "num_statements": 70, "percent_covered": 0.0, "percent_covered_display": "0", "missing_lines": 70, "excluded_lines": 0, "percent_statements_covered": 0.0, "percent_statements_covered_display": "0"}, "missing_lines": [20, 21, 22, 24, 26, 27, 28, 29, 30, 32, 33, 34, 37, 38, 39, 40, 41, 43, 44, 46, 49, 50, 51, 54, 55, 56, 58, 60, 62, 63, 64, 67, 68, 69, 70, 73, 75, 76, 81, 83, 86, 87, 88, 91, 92, 93, 96, 97, 98, 101, 102, 103, 104, 105, 106, 109, 113, 114, 115, 116, 118, 120, 121, 122, 123, 125, 134, 135, 138, 139], "excluded_lines": [], "start_line": 1}}}, "app/workloads/mpi_runner.py": {"executed_lines": [12, 13, 14, 15, 16, 17, 18, 19, 22, 23, 24, 25, 26, 27, 28, 29, 30, 33, 36, 38, 39, 40, 41, 45, 55, 57, 60, 63, 65, 66, 76, 84, 86, 105, 106, 111, 116, 118, 119, 120, 122, 123, 124, 127, 129, 130, 132, 134], "summary": {"covered_lines": 48, "num_statements": 57, "percent_covered": 84.21052631578948, "percent_covered_display": "84", "missing_lines": 9, "excluded_lines": 0, "percent_statements_covered": 84.21052631578948, "percent_statements_covered_display": "84"}, "missing_lines": [42, 58, 88, 89, 91, 101, 102, 107, 108], "excluded_lines": [], "functions": {"_mpiexec_binary": {"executed_lines": [38, 39, 40, 41], "summary": {"covered_lines": 4, "num_statements": 5, "percent_covered": 80.0, "percent_covered_display": "80", "missing_lines": 1, "excluded_lines": 0, "percent_statements_covered": 80.0, "percent_statements_covered_display": "80"}, "missing_lines": [42], "excluded_lines": [], "start_line": 36}, "run_mpi_benchmark": {"executed_lines": [55, 57, 60, 63, 65, 66, 76, 84, 86, 105, 106], "summary": {"covered_lines": 11, "num_statements": 19, "percent_covered": 57.89473684210526, "percent_covered_display": "58", "missing_lines": 8, "excluded_lines": 0, "percent_statements_covered": 57.89473684210526, "percent_statements_covered_display": "58"}, "missing_lines": [58, 88, 89, 91, 101, 102, 107, 108], "excluded_lines": [], "start_line": 45}, "_fallback_timing": {"executed_lines": [116, 118, 119, 120, 122, 123, 124, 127, 129, 130, 132, 134], "summary": {"covered_lines": 12, "num_statements": 12, "percent_covered": 100.0, "percent_covered_display": "100", "missing_lines": 0, "excluded_lines": 0, "percent_statements_covered": 100.0, "percent_statements_covered_display": "100"}, "missing_lines": [], "excluded_lines": [], "start_line": 111}, "": {"executed_lines": [12, 13, 14, 15, 16, 17, 18, 19, 22, 23, 24, 25, 26, 27, 28, 29, 30, 33, 36, 45, 111], "summary": {"covered_lines": 21, "num_statements": 21, "percent_covered": 100.0, "percent_covered_display": "100", "missing_lines": 0, "excluded_lines": 0, "percent_statements_covered": 100.0, "percent_statements_covered_display": "100"}, "missing_lines": [], "excluded_lines": [], "start_line": 1}}, "classes": {"MPITimingBreakdown": {"executed_lines": [], "summary": {"covered_lines": 0, "num_statements": 0, "percent_covered": 100.0, "percent_covered_display": "100", "missing_lines": 0, "excluded_lines": 0, "percent_statements_covered": 100.0, "percent_statements_covered_display": "100"}, "missing_lines": [], "excluded_lines": [], "start_line": 23}, "": {"executed_lines": [12, 13, 14, 15, 16, 17, 18, 19, 22, 23, 24, 25, 26, 27, 28, 29, 30, 33, 36, 38, 39, 40, 41, 45, 55, 57, 60, 63, 65, 66, 76, 84, 86, 105, 106, 111, 116, 118, 119, 120, 122, 123, 124, 127, 129, 130, 132, 134], "summary": {"covered_lines": 48, "num_statements": 57, "percent_covered": 84.21052631578948, "percent_covered_display": "84", "missing_lines": 9, "excluded_lines": 0, "percent_statements_covered": 84.21052631578948, "percent_statements_covered_display": "84"}, "missing_lines": [42, 58, 88, 89, 91, 101, 102, 107, 108], "excluded_lines": [], "start_line": 1}}}, "app/workloads/parallel_sort.py": {"executed_lines": [24, 25, 27, 28, 30, 31, 34, 37, 56, 61, 63, 64, 67, 68, 69, 70, 71, 72, 75, 76, 78, 79, 80, 81, 82, 84, 85, 86, 87, 89, 90, 92, 108, 109, 111, 112, 113, 115, 116, 119, 120, 122, 123, 124, 125, 126, 127, 129, 130, 131, 132, 134, 137], "summary": {"covered_lines": 53, "num_statements": 60, "percent_covered": 88.33333333333333, "percent_covered_display": "88", "missing_lines": 7, "excluded_lines": 0, "percent_statements_covered": 88.33333333333333, "percent_statements_covered_display": "88"}, "missing_lines": [43, 44, 45, 47, 48, 49, 50], "excluded_lines": [], "functions": {"_sort_partition": {"executed_lines": [], "summary": {"covered_lines": 0, "num_statements": 7, "percent_covered": 0.0, "percent_covered_display": "0", "missing_lines": 7, "excluded_lines": 0, "percent_statements_covered": 0.0, "percent_statements_covered_display": "0"}, "missing_lines": [43, 44, 45, 47, 48, 49, 50], "excluded_lines": [], "start_line": 37}, "ParallelSortWorkload.run": {"executed_lines": [63, 64, 67, 68, 69, 70, 71, 72, 75, 76, 78, 79, 80, 81, 82, 84, 85, 86, 87, 89, 90, 92, 108, 109], "summary": {"covered_lines": 24, "num_statements": 24, "percent_covered": 100.0, "percent_covered_display": "100", "missing_lines": 0, "excluded_lines": 0, "percent_statements_covered": 100.0, "percent_statements_covered_display": "100"}, "missing_lines": [], "excluded_lines": [], "start_line": 61}, "ParallelSortWorkload._parallel_sort": {"executed_lines": [113, 115, 116, 119, 120, 122, 123, 124, 125, 126, 127, 129, 130, 131, 132, 134, 137], "summary": {"covered_lines": 17, "num_statements": 17, "percent_covered": 100.0, "percent_covered_display": "100", "missing_lines": 0, "excluded_lines": 0, "percent_statements_covered": 100.0, "percent_statements_covered_display": "100"}, "missing_lines": [], "excluded_lines": [], "start_line": 112}, "": {"executed_lines": [24, 25, 27, 28, 30, 31, 34, 37, 56, 61, 111, 112], "summary": {"covered_lines": 12, "num_statements": 12, "percent_covered": 100.0, "percent_covered_display": "100", "missing_lines": 0, "excluded_lines": 0, "percent_statements_covered": 100.0, "percent_statements_covered_display": "100"}, "missing_lines": [], "excluded_lines": [], "start_line": 1}}, "classes": {"ParallelSortWorkload": {"executed_lines": [63, 64, 67, 68, 69, 70, 71, 72, 75, 76, 78, 79, 80, 81, 82, 84, 85, 86, 87, 89, 90, 92, 108, 109, 113, 115, 116, 119, 120, 122, 123, 124, 125, 126, 127, 129, 130, 131, 132, 134, 137], "summary": {"covered_lines": 41, "num_statements": 41, "percent_covered": 100.0, "percent_covered_display": "100", "missing_lines": 0, "excluded_lines": 0, "percent_statements_covered": 100.0, "percent_statements_covered_display": "100"}, "missing_lines": [], "excluded_lines": [], "start_line": 56}, "": {"executed_lines": [24, 25, 27, 28, 30, 31, 34, 37, 56, 61, 111, 112], "summary": {"covered_lines": 12, "num_statements": 19, "percent_covered": 63.1578947368421, "percent_covered_display": "63", "missing_lines": 7, "excluded_lines": 0, "percent_statements_covered": 63.1578947368421, "percent_statements_covered_display": "63"}, "missing_lines": [43, 44, 45, 47, 48, 49, 50], "excluded_lines": [], "start_line": 1}}}}, "totals": {"covered_lines": 1738, "num_statements": 2205, "percent_covered": 78.82086167800453, "percent_covered_display": "79", "missing_lines": 467, "excluded_lines": 4, "percent_statements_covered": 78.82086167800453, "percent_statements_covered_display": "79"}}